7/7/2022 4:45 | /responses.js(137) | 7JP4zvblyKR1fxHHswp2zpTae9zML3tK | [error] | URL : http://doodlebluelive.com:2122/api/v1/user/signup | Request : {} | Error : Bad Request
7/7/2022 4:46 | /responses.js(137) | AlcVejkUhFO98d3Nqihkgozj6MU2ksFG | [error] | URL : http://doodlebluelive.com:2122/api/v1/user/signup | Request : {} | Error : Bad Request
7/7/2022 4:48 | /responses.js(137) | EZ1TYB4m9WnfIMNPuw0K6ldXBQcxPiSq | [error] | URL : http://doodlebluelive.com:2122/api/v1/user/signup | Request : {} | Error : Bad Request
7/7/2022 4:48 | /responses.js(137) | Vt3LSVeyyH1T3T0B2QeXEwvyqk9INd6Q | [error] | URL : http://doodlebluelive.com:2122/api/v1/user/signup | Request : {} | Error : Bad Request
7/7/2022 4:49 | /responses.js(137) | qosmCcsc8diWd7WE909eMckpAzvWvVAU | [error] | URL : http://doodlebluelive.com:2122/api/v1/user/signup | Request : {} | Error : Bad Request
7/7/2022 4:50 | /responses.js(137) | ejEh2fGkFY8xfFthTFpMVUkJjXbMmmvz | [error] | URL : http://doodlebluelive.com:2122/api/v1/user/signup | Request : {} | Error : Bad Request
7/7/2022 4:52 | /responses.js(137) | 3rukmcmoEFSYcrAxdsF8W8ufV2FEDcIM | [error] | URL : http://doodlebluelive.com:2122/api/v1/user/signup | Request : {} | Error : Bad Request
7/7/2022 4:55 | /responses.js(137) | s3yY97rHOisMlKpql6PEd2xwq5T1O6C6 | [error] | URL : http://doodlebluelive.com:2122/api/v1/user/signup | Request : {} | Error : Bad Request
7/7/2022 4:58 | /responses.js(137) | p4hEbIvgkQSp8sVeuoPcGjdK5pTDVVs8 | [error] | URL : http://doodlebluelive.com:2122/api/v1/user/signup | Request : {} | Error : Bad Request
7/7/2022 5:07 | /responses.js(137) | fandd5ayR2vDtzgV0POie7IR0QPBNsDV | [error] | URL : http://doodlebluelive.com:2122/api/v1/user/signIn | Request : {} | Error : Bad Request
7/7/2022 5:07 | /responses.js(137) | 4vVUycOVY9TuZqEB4owVLeQCEZ2OVqao | [error] | URL : http://doodlebluelive.com:2122/api/v1/user/signIn | Request : {} | Error : Bad Request
7/7/2022 5:09 | /responses.js(137) | ytfxDTTOubpa1fICiBp5xUegy1rpGwmP | [error] | URL : http://doodlebluelive.com:2122/api/v1/user/signIn | Request : {} | Error : Bad Request
7/7/2022 5:29 | /responses.js(137) | R1qfgL4xsDdm3vK73hVciHYlMO0HuKCU | [error] | URL : http://doodlebluelive.com:2122/api/v1/user/forgetPassword | Request : {} | Error : Bad Request
7/7/2022 5:46 | /responses.js(137) | yDf9SPnXV8xvxmbDlxry2EVw2ZktViL4 | [error] | URL : http://doodlebluelive.com:2122/api/v1/user/completeForm | Request : {} | Error : Bad Request
7/7/2022 5:46 | /responses.js(137) | 0BInjgDXVh7QWNcp51tjmVPK2KhkxNWQ | [error] | URL : http://doodlebluelive.com:2122/api/v1/user/completeForm | Request : {} | Error : Bad Request
7/7/2022 5:56 | /responses.js(137) | Z4mcjxjrAcQLrqRTIBPU0Z1YyageL5wJ | [error] | URL : http://doodlebluelive.com:2122/api/v1/user/signup | Request : {} | Error : Bad Request
7/7/2022 7:11 | /responses.js(137) | TQ0DlCadaHEOjl35EDRSy0YTuo176Z3N | [error] | URL : http://doodlebluelive.com:2122/api/v1/user/changePassword | Request : {} | Error : Bad Request
7/7/2022 7:13 | /responses.js(137) | 7mnzhusfTkCdu6eGXkMKvQj89a2JajaN | [error] | URL : http://doodlebluelive.com:2122/api/v1/user/changePassword | Request : {} | Error : Bad Request
7/7/2022 7:21 | /responses.js(137) | 05r4SY30vPJbi7ya24Y9psFa0KwcmI8q | [error] | URL : http://doodlebluelive.com:2122/api/v1/user/forgetPassword/verifyOtp | Request : {} | Error : Bad Request
7/7/2022 7:22 | /responses.js(137) | tQB1PGIcRsqyhECIGBCWjAS2s37pXDpZ | [error] | URL : http://doodlebluelive.com:2122/api/v1/user/completeForm | Request : {} | Error : Bad Request
7/7/2022 7:23 | /responses.js(137) | boGeskYpHt8KwhaKZzIGqXCEVUxdNtb2 | [error] | URL : http://doodlebluelive.com:2122/api/v1/user/completeForm | Request : {} | Error : Bad Request
