31/3/2022 6:55 | /responses.js(137) | TgcnACbmmLNkWqDsDGjnax6hBeb1vwqN | [error] | URL : http://doodlebluelive.com:2122/api/v1/user/forgetPassword/reset | Request : {} | Error : Bad Request
31/3/2022 6:55 | /responses.js(137) | PtQG41g2HYeam7qSoR7HLc5WfXn8rwlS | [error] | URL : http://doodlebluelive.com:2122/api/v1/user/forgetPassword/reset | Request : {} | Error : Bad Request
31/3/2022 6:56 | /responses.js(137) | DyUAeibqRlKGPT6I7dtuCoxOFAKWP7tm | [error] | URL : http://doodlebluelive.com:2122/api/v1/user/forgetPassword/reset | Request : {} | Error : Bad Request
31/3/2022 6:56 | /responses.js(137) | i5WJeqNEmmlIYy6NYVgzw4xkp4da0tKU | [error] | URL : http://doodlebluelive.com:2122/api/v1/user/forgetPassword/reset | Request : {} | Error : Bad Request
31/3/2022 6:56 | /responses.js(137) | I0NKWKkBze4gGQ2XbeDmo0ckZ6cvb98P | [error] | URL : http://doodlebluelive.com:2122/api/v1/user/forgetPassword/reset | Request : {} | Error : Bad Request
31/3/2022 6:57 | /responses.js(137) | 0eFeKeNlOKD4ae4It2mISf6934gtOhAy | [error] | URL : http://doodlebluelive.com:2122/api/v1/user/forgetPassword/reset | Request : {} | Error : Bad Request
31/3/2022 6:57 | /responses.js(137) | V8KCLqEuJKi9i8rOSdpezL3huwxtWygF | [error] | URL : http://doodlebluelive.com:2122/api/v1/user/forgetPassword/reset | Request : {} | Error : Bad Request
31/3/2022 6:57 | /responses.js(137) | ColELPyoDTnhl9XlcPAKssDotBCMOp5F | [error] | URL : http://doodlebluelive.com:2122/api/v1/user/forgetPassword/reset | Request : {} | Error : Bad Request
31/3/2022 6:58 | /responses.js(137) | BYPTf82XW0qbO7U6NX2nXAweCQAoRtkD | [error] | URL : http://doodlebluelive.com:2122/api/v1/user/forgetPassword/reset | Request : {} | Error : Bad Request
31/3/2022 6:58 | /responses.js(137) | eFqY6csFun5mlpfAHysNkldhT5QM9C4k | [error] | URL : http://doodlebluelive.com:2122/api/v1/user/forgetPassword/reset | Request : {} | Error : Bad Request
31/3/2022 6:59 | /responses.js(137) | oQqZReFunzpvrBlhjyxTWRGcbQ0J1AuH | [error] | URL : http://doodlebluelive.com:2122/api/v1/user/forgetPassword/reset | Request : {} | Error : Bad Request
31/3/2022 6:59 | /responses.js(137) | XZoaufTOCFeG3R5yXDmjmNYbl7KEpbdB | [error] | URL : http://doodlebluelive.com:2122/api/v1/user/forgetPassword/reset | Request : {} | Error : Bad Request
31/3/2022 6:59 | /responses.js(137) | AIQQYLQCZbzsSybRDYq3xkqy4jqP437O | [error] | URL : http://doodlebluelive.com:2122/api/v1/user/forgetPassword/reset | Request : {} | Error : Bad Request
31/3/2022 7:00 | /responses.js(137) | fnZfEsk61wmaVhg27mACl1JrDCcs57WW | [error] | URL : http://doodlebluelive.com:2122/api/v1/user/forgetPassword/reset | Request : {} | Error : Bad Request
31/3/2022 7:00 | /responses.js(137) | 8NzEXOfe6JezGmPSsjhcFRnE4Hzb1tRK | [error] | URL : http://doodlebluelive.com:2122/api/v1/user/forgetPassword/reset | Request : {} | Error : Bad Request
31/3/2022 11:24 | /responses.js(137) | LdlM8RwoGSfq1phzT4jr7vyBHEjGaOj3 | [error] | URL : http://doodlebluelive.com:2122/api/v1/user/createUserByStaff | Request : {} | Error : Bad Request
31/3/2022 11:24 | /responses.js(137) | ncSMYVSJ1koFqq0UXncLrKss2jyfFzJq | [error] | URL : http://doodlebluelive.com:2122/api/v1/user/createUserByStaff | Request : {} | Error : Bad Request
31/3/2022 11:24 | /responses.js(137) | LAV6Dbm6oZ1dodtjtrgCeyznhtHj0zZg | [error] | URL : http://doodlebluelive.com:2122/api/v1/user/createUserByStaff | Request : {} | Error : Bad Request
31/3/2022 11:28 | /responses.js(137) | GE19UurKQjQGpD1tBCD69K0lnbDv67Ut | [error] | URL : http://doodlebluelive.com:2122/api/v1/user/signup | Request : {} | Error : Bad Request
31/3/2022 11:28 | /responses.js(137) | pjpVLUVb8panJwv8vockv6C1OOPpwOJU | [error] | URL : http://doodlebluelive.com:2122/api/v1/user/signup | Request : {} | Error : Bad Request
31/3/2022 11:30 | /responses.js(137) | 25g3lsGODY6j8B85iSemI74rh8GmRkx5 | [error] | URL : http://doodlebluelive.com:2122/api/v1/user/signup | Request : {} | Error : Bad Request
31/3/2022 11:30 | /responses.js(137) | YqasqPVz7sxp94bbTM9oKKNb74eTeAZq | [error] | URL : http://doodlebluelive.com:2122/api/v1/user/signup | Request : {} | Error : Bad Request
31/3/2022 11:35 | /responses.js(137) | roacTFbJ5ITmVeOQwipVIz8C6crPjTtv | [error] | URL : http://doodlebluelive.com:2122/api/v1/user/signup | Request : {} | Error : Bad Request
31/3/2022 11:35 | /responses.js(137) | PU8OJmXT1GyXzA6TUkmcBfM3KS64NJI0 | [error] | URL : http://doodlebluelive.com:2122/api/v1/user/signup | Request : {} | Error : Bad Request
31/3/2022 11:44 | /responses.js(137) | 0T0uJGshy6DWn6a1uOZSsLul32IPzrCa | [error] | URL : http://doodlebluelive.com:2122/api/v1/user/createUserByStaff | Request : {} | Error : Bad Request
31/3/2022 11:44 | /responses.js(137) | LdEQf2enQTojNKAhGIX8CFTRm82u16S4 | [error] | URL : http://doodlebluelive.com:2122/api/v1/user/createUserByStaff | Request : {} | Error : Bad Request
31/3/2022 11:44 | /responses.js(137) | 9P7PUuWJTXs2ipgjbIHzRzzO0lsJI08B | [error] | URL : http://doodlebluelive.com:2122/api/v1/user/createUserByStaff | Request : {} | Error : Bad Request
31/3/2022 11:45 | /responses.js(137) | Kbj1HMRulh7uAY5Nh3BULszwSj5LWsPH | [error] | URL : http://doodlebluelive.com:2122/api/v1/user/forgetPassword | Request : {} | Error : Bad Request
31/3/2022 11:45 | /responses.js(137) | 1esemRXtZBkRNhzkyMcFwAAg5hmL5Cwf | [error] | URL : http://doodlebluelive.com:2122/api/v1/user/forgetPassword | Request : {} | Error : Bad Request
31/3/2022 11:45 | /responses.js(137) | PM3jHQww8xplWz3u07tCWEWzGbqGgYjs | [error] | URL : http://doodlebluelive.com:2122/api/v1/user/forgetPassword | Request : {} | Error : Bad Request
31/3/2022 11:45 | /responses.js(137) | 16tLZZSKA7UN0X0izOU1BAcUB1NO8aaL | [error] | URL : http://doodlebluelive.com:2122/api/v1/user/forgetPassword | Request : {} | Error : Bad Request
31/3/2022 11:45 | /responses.js(137) | xWKx3ZNzsm4rVw1QPkVTN8TIkaXccdI4 | [error] | URL : http://doodlebluelive.com:2122/api/v1/user/forgetPassword | Request : {} | Error : Bad Request
31/3/2022 11:45 | /responses.js(137) | n17e1i1EorN3nZ5DRwu9nspm6gqm94lZ | [error] | URL : http://doodlebluelive.com:2122/api/v1/user/forgetPassword | Request : {} | Error : Bad Request
31/3/2022 11:45 | /responses.js(137) | Dic4dImqbVYDt4VXR8JUWjYpGuxg8KI8 | [error] | URL : http://doodlebluelive.com:2122/api/v1/user/forgetPassword | Request : {} | Error : Bad Request
31/3/2022 11:45 | /responses.js(137) | qdpNx7KRkMq5NmSudZiZOBFWOIU2gezF | [error] | URL : http://doodlebluelive.com:2122/api/v1/user/forgetPassword | Request : {} | Error : Bad Request
31/3/2022 11:45 | /responses.js(137) | ye7IZ2VmLxpTNorFXW9VSdBAx2SbGtYx | [error] | URL : http://doodlebluelive.com:2122/api/v1/user/forgetPassword | Request : {} | Error : Bad Request
31/3/2022 11:45 | /responses.js(137) | NpumKYH8ltQoYa5VY0fYERGxj6zh0Qwq | [error] | URL : http://doodlebluelive.com:2122/api/v1/user/forgetPassword | Request : {} | Error : Bad Request
31/3/2022 11:45 | /responses.js(137) | XGWKtc9pEU9mwvaQqLe6zpuQfsGMSEWV | [error] | URL : http://doodlebluelive.com:2122/api/v1/user/createUserByStaff | Request : {} | Error : Bad Request
31/3/2022 11:46 | /responses.js(137) | GWLIl5r7aMWgzshIrj3c9FzD1OokWZCO | [error] | URL : http://doodlebluelive.com:2122/api/v1/user/forgetPassword | Request : {} | Error : Bad Request
31/3/2022 11:48 | /responses.js(137) | wnHasZ5M9OaSATexPLhBhMeoQ13mjtMa | [error] | URL : http://doodlebluelive.com:2122/api/v1/user/forgetPassword/reset | Request : {} | Error : Bad Request
31/3/2022 11:48 | /responses.js(137) | tKTgDlS9hNvpmpwlGL9FdZ9DBz3baWt9 | [error] | URL : http://doodlebluelive.com:2122/api/v1/user/forgetPassword/reset | Request : {} | Error : Bad Request
31/3/2022 11:48 | /responses.js(137) | ZmKcRqEe6GR48L83SkdARcaLfTh5s9H9 | [error] | URL : http://doodlebluelive.com:2122/api/v1/user/forgetPassword/reset | Request : {} | Error : Bad Request
31/3/2022 11:49 | /responses.js(137) | wFSutuYC3BqXPiqFZb0419IReZAPpReq | [error] | URL : http://doodlebluelive.com:2122/api/v1/user/forgetPassword/reset | Request : {} | Error : Bad Request
31/3/2022 11:49 | /responses.js(137) | hDwcMn4fabGmiQhaOjl7hvnYR0Hv8Xo0 | [error] | URL : http://doodlebluelive.com:2122/api/v1/user/forgetPassword/reset | Request : {} | Error : Bad Request
31/3/2022 11:54 | /responses.js(137) | XEIMxtNKzXVjeNIGp8ma5xLMZWdNULU2 | [error] | URL : http://doodlebluelive.com:2122/api/v1/user/editProfile/?id=6229e41997d612a399c31611 | Request : {} | Error : Bad Request
31/3/2022 12:11 | /responses.js(137) | m7HvOVlWG5K4L3r84J4cxXXzVexRXKot | [error] | URL : http://doodlebluelive.com:2122/api/v1/user/forgetPassword/reset | Request : {} | Error : Bad Request
31/3/2022 12:11 | /responses.js(137) | kKvhx7mJNJQ1sIuChHC6aMLWYQHhDExM | [error] | URL : http://doodlebluelive.com:2122/api/v1/user/forgetPassword/reset | Request : {} | Error : Bad Request
31/3/2022 12:15 | /responses.js(137) | eIxAPzozgI7g16SaULiVEierKIFw3Ek4 | [error] | URL : http://doodlebluelive.com:2122/api/v1/user/signIn | Request : {} | Error : Bad Request
31/3/2022 12:23 | /responses.js(137) | eI04NLpnFZQWcQqANnOPbhKAIskAQO4z | [error] | URL : http://doodlebluelive.com:2122/api/v1/user/signup | Request : {} | Error : Bad Request
31/3/2022 12:23 | /responses.js(137) | DQodt32CO9jDyba9N9RpVHyw9MxMLNvL | [error] | URL : http://doodlebluelive.com:2122/api/v1/user/signup | Request : {} | Error : Bad Request
31/3/2022 12:24 | /responses.js(137) | 5c2gMeZO5wsIHu8NdYF0i0DLnChJnwPv | [error] | URL : http://doodlebluelive.com:2122/api/v1/user/signup | Request : {} | Error : Bad Request
31/3/2022 12:25 | /errorHandler.js(7) | Mm0EV6EDZ9yjD88pIWq2r5Zl5OAHgYfh | [error] | IP - ::ffff:117.197.176.253 | URL : http://doodlebluelive.com:2122/api/v1/user/approveStatus?id=62459cf056cf03a3f28802a1 | PUT | Request : {"roleId":"ROLE_3","status":1} | Error : {}
31/3/2022 12:52 | /responses.js(137) | DiwHX08UO4uwSAQX02xuxWk3ljMwDAvA | [error] | URL : http://doodlebluelive.com:2122/api/v1/user/createUserByStaff | Request : {} | Error : Bad Request
31/3/2022 12:52 | /responses.js(137) | HKLZl05CBoVYjF0BHW1EoNcuL7sYTDBV | [error] | URL : http://doodlebluelive.com:2122/api/v1/user/createUserByStaff | Request : {} | Error : Bad Request
31/3/2022 12:55 | /responses.js(137) | l31zjB1Mpw6B0eakD5sh9ZKEHkMFuAXl | [error] | URL : http://doodlebluelive.com:2122/api/v1/user/createUserByStaff | Request : {} | Error : Bad Request
31/3/2022 12:55 | /responses.js(137) | dIqnxNm412cJqlmL0ptUcKimnerY2SoT | [error] | URL : http://doodlebluelive.com:2122/api/v1/user/createUserByStaff | Request : {} | Error : Bad Request
31/3/2022 12:55 | /responses.js(137) | j2fcGyRDdzqCKFs3KeUs2fYpRFUTAxrz | [error] | URL : http://doodlebluelive.com:2122/api/v1/user/createUserByStaff | Request : {} | Error : Bad Request
31/3/2022 13:00 | /errorHandler.js(7) | eiFZzqonqozbRmkW5JWCD9lTeiy8k4yt | [error] | IP - ::ffff:117.197.176.253 | URL : http://doodlebluelive.com:2122/api/v1/user/bulk | POST | Request : {"customerData":[{"S.No":1,"firstName":"Amit","lastName":"Kumar","gender":"25-03-1998","dob":"Male","emailId":"amit.k@doodleblue.com","mobileNumber":1234567891,"spouseName":"NA","accountNumber":"ABIN9876HB","loanReferenceNumber":"LOANH23746","kccAccountNumber":"KCY78908635","landArea":2,"village":"Gandhigram","district":"Visakhapatnam","pincode":530005}]} | Error : DATA_STATUS is not defined
31/3/2022 13:04 | /responses.js(137) | 4hyEcrUvJcOlUL5zR534cCvyRh3sN7x5 | [error] | URL : http://doodlebluelive.com:2122/api/v1/user/completeForm | Request : {} | Error : Bad Request
31/3/2022 13:08 | /responses.js(137) | QLZUK96tWFO6l1Zplz7jZemYihpQ4gyC | [error] | URL : http://doodlebluelive.com:2122/api/v1/user/completeForm | Request : {} | Error : Bad Request
31/3/2022 13:09 | /responses.js(137) | DZcvPzxi4lRVknZ5oBi9dgZAmxEdAayR | [error] | URL : http://doodlebluelive.com:2122/api/v1/user/createAdmin | Request : {} | Error : Bad Request
31/3/2022 13:09 | /responses.js(137) | lHY7feqYPsdo3zEN1djKFx9LZjampnP6 | [error] | URL : http://doodlebluelive.com:2122/api/v1/user/createAdmin | Request : {} | Error : Bad Request
31/3/2022 13:14 | /responses.js(137) | YLsMPcfgrGJRhlXUjNtJxs4m6iZPp5mr | [error] | URL : http://doodlebluelive.com:2122/api/v1/user/createUserByStaff | Request : {} | Error : Bad Request
31/3/2022 13:14 | /responses.js(137) | Z0jIumJ9egfRCfzQIHKHt7BW7CEDmUE7 | [error] | URL : http://doodlebluelive.com:2122/api/v1/user/createUserByStaff | Request : {} | Error : Bad Request
31/3/2022 13:14 | /responses.js(137) | OQYxUU6gNlvPHzE5Fn3iVKGuWOILmkAR | [error] | URL : http://doodlebluelive.com:2122/api/v1/user/createUserByStaff | Request : {} | Error : Bad Request
31/3/2022 13:30 | /errorHandler.js(7) | 2746POPSNLF5a78DEVKvqIGJ2GykIMjb | [error] | IP - ::ffff:117.197.176.253 | URL : http://doodlebluelive.com:2122/api/v1/user/approveStatus?id=6245a86556cf03a3f2880363 | PUT | Request : {"roleId":"ROLE_4","status":1} | Error : {}
31/3/2022 13:30 | /errorHandler.js(7) | jC2zqFok3vRjNeEUS4DFJV2gQmPZSkRJ | [error] | IP - ::ffff:117.197.176.253 | URL : http://doodlebluelive.com:2122/api/v1/user/approveStatus?id=6245a86556cf03a3f2880363 | PUT | Request : {"roleId":"ROLE_8","status":1} | Error : {}
31/3/2022 13:43 | /errorHandler.js(7) | vNU62YYnNVErvS9zCLCg8oHGpvlYsGyX | [error] | IP - ::ffff:42.106.76.217 | URL : http://doodlebluelive.com:2122/api/v1/application/getApplication?page=1&limit=10&startDate=Invalid%20date&endDate=Invalid%20date | GET | Request : {} | Error : {"stringValue":"\"Invalid Date\"","valueType":"Date","kind":"date","value":null,"path":"createdAt","reason":{"generatedMessage":true,"code":"ERR_ASSERTION","actual":false,"expected":true,"operator":"=="},"name":"CastError","message":"Cast to date failed for value \"Invalid Date\" (type Date) at path \"createdAt\" for model \"application\""}
31/3/2022 13:43 | /errorHandler.js(7) | QlSgxNDf8lX3h3I1MiAfVxw9Jj6k0fZH | [error] | IP - ::ffff:42.106.76.217 | URL : http://doodlebluelive.com:2122/api/v1/user/approveStatus?id=6245a86556cf03a3f2880363 | PUT | Request : {"roleId":"ROLE_9","status":1} | Error : {}
31/3/2022 13:44 | /errorHandler.js(7) | bKTKkQHBI4zR28NRz3MfTZt6sZsokAOA | [error] | IP - ::ffff:42.106.76.217 | URL : http://doodlebluelive.com:2122/api/v1/user/approveStatus?id=6245a86556cf03a3f2880363 | PUT | Request : {"roleId":"ROLE_9","status":1} | Error : {}
31/3/2022 13:45 | /errorHandler.js(7) | 5pe8FoaOay1NluK6PHWthirpoRkDgCcn | [error] | IP - ::ffff:42.106.76.217 | URL : http://doodlebluelive.com:2122/api/v1/user/approveStatus?id=6245a86556cf03a3f2880363 | PUT | Request : {"roleId":"ROLE_9","status":"1"} | Error : {}
31/3/2022 15:04 | /responses.js(137) | FTEHGq2KT4oJPzwKgLeSrWSnd7t4j7YN | [error] | URL : http://doodlebluelive.com:2122/api/v1/user/completeForm | Request : {} | Error : Bad Request
31/3/2022 15:05 | /responses.js(137) | ZbLpq1az1x2b3xraTEumySIpZp3uoLoL | [error] | URL : http://doodlebluelive.com:2122/api/v1/user/completeForm | Request : {} | Error : Bad Request
31/3/2022 15:05 | /responses.js(137) | DRI3SpiEzBmjL2bkw3v0e2sOvQpcce1f | [error] | URL : http://doodlebluelive.com:2122/api/v1/user/completeForm | Request : {} | Error : Bad Request
31/3/2022 15:20 | /responses.js(137) | 0YNq2W6u53U0osNREQXwxRJ5B16dEuVl | [error] | URL : http://doodlebluelive.com:2122/api/v1/user/completeForm | Request : {} | Error : Bad Request
31/3/2022 15:20 | /responses.js(137) | CiEHcLS1t5r30n73P6q7pXJm7be9GVZK | [error] | URL : http://doodlebluelive.com:2122/api/v1/user/completeForm | Request : {} | Error : Bad Request
31/3/2022 15:24 | /responses.js(137) | ELxfMchlzcX2e00iprX4fypAVWjnljdO | [error] | URL : http://doodlebluelive.com:2122/api/v1/user/createAdmin | Request : {} | Error : Bad Request
31/3/2022 15:26 | /responses.js(137) | gTkAr9L7c1NzGF2Ajlb7f2o8T4Exjvc5 | [error] | URL : http://doodlebluelive.com:2122/api/v1/user/createAdmin | Request : {} | Error : Bad Request
