29/3/2022 5:18 | /responses.js(137) | PT1rFEIPgjjxxkAYfspuaqeF0rEZlnlt | [error] | URL : http://doodlebluelive.com:2122/api/v1/user/signup | Request : {} | Error : Bad Request
29/3/2022 5:18 | /responses.js(137) | R1IkbN34SA1X0MEnvKuSvWr2eJ0ABqkb | [error] | URL : http://doodlebluelive.com:2122/api/v1/user/signup | Request : {} | Error : Bad Request
29/3/2022 5:18 | /responses.js(137) | 69UOZ0ymuxHxoTCkxgXZiy3UFzyG3hrl | [error] | URL : http://doodlebluelive.com:2122/api/v1/user/signup | Request : {} | Error : Bad Request
29/3/2022 5:25 | /responses.js(137) | F6utCM7pt7lXqNeDXb7qowOrr0aFpIY5 | [error] | URL : http://doodlebluelive.com:2122/api/v1/user/signup | Request : {} | Error : Bad Request
29/3/2022 5:25 | /responses.js(137) | hPeCntQ9QlHRl3I5NYh4ArpbRBBS47MK | [error] | URL : http://doodlebluelive.com:2122/api/v1/user/signup | Request : {} | Error : Bad Request
29/3/2022 5:25 | /responses.js(137) | 4JcHwvIC0HstC1IwxKmAMNeFyaCBHT0j | [error] | URL : http://doodlebluelive.com:2122/api/v1/user/signup | Request : {} | Error : Bad Request
29/3/2022 5:34 | /responses.js(137) | HRwop2VghjCVJG8CylsBJQ3S4eFqoh1L | [error] | URL : http://doodlebluelive.com:2122/api/v1/user/forgetPassword | Request : {} | Error : Bad Request
29/3/2022 5:34 | /responses.js(137) | bMRB7kxOlJoUSGnSMOJ4746e9WwOI540 | [error] | URL : http://doodlebluelive.com:2122/api/v1/user/forgetPassword | Request : {} | Error : Bad Request
29/3/2022 5:34 | /responses.js(137) | TbHaAVHpHGa2qRchsyVVw2gmuoN9WjtU | [error] | URL : http://doodlebluelive.com:2122/api/v1/user/forgetPassword | Request : {} | Error : Bad Request
29/3/2022 5:34 | /responses.js(137) | 1RzNvEYhMxjbHpi3aPUexORGbzBa1Yrd | [error] | URL : http://doodlebluelive.com:2122/api/v1/user/forgetPassword | Request : {} | Error : Bad Request
29/3/2022 5:35 | /responses.js(137) | 7Fj2YD3KNFr8nzYlWrU475e97tYRxoyR | [error] | URL : http://doodlebluelive.com:2122/api/v1/user/forgetPassword | Request : {} | Error : Bad Request
29/3/2022 5:48 | /responses.js(137) | eiSYgRDnScgTrwXyGX7jYjEjni4uaIhm | [error] | URL : http://doodlebluelive.com:2122/api/v1/user/forgetPassword | Request : {} | Error : Bad Request
29/3/2022 5:48 | /responses.js(137) | YS2HdXhFVOwZuNMejx4uoUSrtXrQY5x2 | [error] | URL : http://doodlebluelive.com:2122/api/v1/user/forgetPassword | Request : {} | Error : Bad Request
29/3/2022 5:54 | /responses.js(137) | ouQwBLGBZU0M3fa1ZTTht2nPRct41rSE | [error] | URL : http://doodlebluelive.com:2122/api/v1/user/forgetPassword | Request : {} | Error : Bad Request
29/3/2022 5:54 | /responses.js(137) | CCFOzuz8MzN0Y0jQVZUbR94I1TDI0wMa | [error] | URL : http://doodlebluelive.com:2122/api/v1/user/forgetPassword | Request : {} | Error : Bad Request
29/3/2022 7:47 | /responses.js(137) | SvbkxVirdVFj4UPT021UVssFVNTlLa1V | [error] | URL : http://doodlebluelive.com:2122/api/v1/user/completeForm | Request : {} | Error : Bad Request
29/3/2022 7:48 | /responses.js(137) | uQTZgJ45ZmqeK5EjUjqusoS4PpsXZAVs | [error] | URL : http://doodlebluelive.com:2122/api/v1/user/completeForm | Request : {} | Error : Bad Request
29/3/2022 7:48 | /responses.js(137) | Wm2LcZeUbJ6RDuwdolqjR7RRgVFaJX0b | [error] | URL : http://doodlebluelive.com:2122/api/v1/user/completeForm | Request : {} | Error : Bad Request
29/3/2022 7:48 | /responses.js(137) | I20Q3oc6EOqHHsJzH4wzz4mNtz3PIwex | [error] | URL : http://doodlebluelive.com:2122/api/v1/user/completeForm | Request : {} | Error : Bad Request
29/3/2022 7:52 | /responses.js(137) | hxlldmucV0P0Qdw5Dh8AGK5erkgz0XY8 | [error] | URL : http://doodlebluelive.com:2122/api/v1/user/completeForm | Request : {} | Error : Bad Request
29/3/2022 7:55 | /responses.js(137) | iTUYMQIM8Eg10NKNzXjPDPwFS9Z4zfjT | [error] | URL : http://doodlebluelive.com:2122/api/v1/user/completeForm | Request : {} | Error : Bad Request
29/3/2022 7:58 | /responses.js(137) | Tt1cMEMJ5bRKX0jsE1VinQXkqz4lRGXp | [error] | URL : http://doodlebluelive.com:2122/api/v1/user/completeForm | Request : {} | Error : Bad Request
29/3/2022 7:58 | /responses.js(137) | btS9BTXisIvaiHJd6aB5vSSDAcdUwdxC | [error] | URL : http://doodlebluelive.com:2122/api/v1/user/completeForm | Request : {} | Error : Bad Request
29/3/2022 7:59 | /responses.js(137) | xK3tBSdaPc3UUdAtQf3aQwNIism7BA7a | [error] | URL : http://doodlebluelive.com:2122/api/v1/user/completeForm | Request : {} | Error : Bad Request
29/3/2022 8:11 | /responses.js(137) | sMlZM17R4IKahYfdSUwqG4xcgV1ietQn | [error] | URL : http://doodlebluelive.com:2122/api/v1/land/createLand | Request : {} | Error : Bad Request
29/3/2022 11:51 | /responses.js(137) | XkqhxPpmhKGcQ1bikEHn69jQhOGj4sgA | [error] | URL : http://doodlebluelive.com:2122/api/v1/user/forgetPassword | Request : {} | Error : Bad Request
29/3/2022 11:56 | /responses.js(137) | h0x4iY6J3z1WV49SWJ4p6uF22YWdfJZT | [error] | URL : http://doodlebluelive.com:2122/api/v1/user/signup | Request : {} | Error : Bad Request
29/3/2022 11:56 | /responses.js(137) | jzBVXtnax40uX8OPnUj5FedbdcB4TF5t | [error] | URL : http://doodlebluelive.com:2122/api/v1/user/signup | Request : {} | Error : Bad Request
29/3/2022 11:59 | /responses.js(137) | xL9tyLGu4dzUkrEhJfrLYFkuZ6mKkURV | [error] | URL : http://doodlebluelive.com:2122/api/v1/user/signup | Request : {} | Error : Bad Request
29/3/2022 12:05 | /errorHandler.js(7) | YDd7WNTH0l3MJyTf5W6TmQn402w7AdDr | [error] | IP - ::ffff:117.197.178.215 | URL : http://doodlebluelive.com:2122/api/v1/land/bulk | POST | Request : {} | Error : Can't find end of central directory : is this a zip file ? If it is, see https://stuk.github.io/jszip/documentation/howto/read_zip.html
29/3/2022 12:34 | /responses.js(137) | bDwnPwik3OtkhpMFKb8bIZbMP4I15g2H | [error] | URL : http://doodlebluelive.com:2122/api/v1/user/signup | Request : {} | Error : Bad Request
29/3/2022 12:37 | /responses.js(137) | 1EItywGKzE4IZSNN7Wj2l9qAkUcmOZEn | [error] | URL : http://doodlebluelive.com:2122/api/v1/user/signup | Request : {} | Error : Bad Request
29/3/2022 12:37 | /responses.js(137) | AxZfBS4rzz6HuIYLHTQd9SDCboNqxD5o | [error] | URL : http://doodlebluelive.com:2122/api/v1/user/signup | Request : {} | Error : Bad Request
29/3/2022 12:50 | /responses.js(137) | 3lk6p87rbK8riV5qKSOi4o3zi3gCKIIR | [error] | URL : http://doodlebluelive.com:2122/api/v1/user/signup | Request : {} | Error : Bad Request
29/3/2022 12:50 | /responses.js(137) | 1BnkKQGjyZTILSaCypBMtRzuuAEJ5L6B | [error] | URL : http://doodlebluelive.com:2122/api/v1/user/signup | Request : {} | Error : Bad Request
29/3/2022 12:50 | /responses.js(137) | UY5xR40MPPlElXRyMgIyjszDWeJ20w1V | [error] | URL : http://doodlebluelive.com:2122/api/v1/user/signup | Request : {} | Error : Bad Request
29/3/2022 12:51 | /responses.js(137) | YMXgRmjiz0aRghxbDWXBEFKTCYhoOz0q | [error] | URL : http://doodlebluelive.com:2122/api/v1/user/forgetPassword/reset | Request : {} | Error : Bad Request
29/3/2022 12:51 | /responses.js(137) | whxxEv1a1kVm5JhvFvkX3TVGC9VQql3M | [error] | URL : http://doodlebluelive.com:2122/api/v1/user/forgetPassword/reset | Request : {} | Error : Bad Request
29/3/2022 12:51 | /responses.js(137) | GKHjbcMWPvCYVIFk6K88NQgdiktykuTQ | [error] | URL : http://doodlebluelive.com:2122/api/v1/user/forgetPassword/reset | Request : {} | Error : Bad Request
29/3/2022 12:58 | /responses.js(137) | 0gRtENk6nRtunwfFOVhfVskjGSbeDvYf | [error] | URL : http://doodlebluelive.com:2122/api/v1/user/createAdmin | Request : {} | Error : Bad Request
29/3/2022 12:58 | /responses.js(137) | cOX37iVRdCkDFjRDWTHcgTafCiWyMPe4 | [error] | URL : http://doodlebluelive.com:2122/api/v1/user/createAdmin | Request : {} | Error : Bad Request
29/3/2022 12:59 | /responses.js(137) | uAC8NW4UyGZ7ykH7Kol4ilaCQbRne86L | [error] | URL : http://doodlebluelive.com:2122/api/v1/user/createAdmin | Request : {} | Error : Bad Request
29/3/2022 12:59 | /responses.js(137) | eP9low77QI5MaK96rOpxCb6El3Z9CPFs | [error] | URL : http://doodlebluelive.com:2122/api/v1/user/createAdmin | Request : {} | Error : Bad Request
29/3/2022 12:59 | /responses.js(137) | l5s2tC1Q2oXdQJZu2mHlBsd9PqRmHmAo | [error] | URL : http://doodlebluelive.com:2122/api/v1/user/createAdmin | Request : {} | Error : Bad Request
29/3/2022 13:00 | /responses.js(137) | ZzrWqyDP9hAfPGfRs8Qfu9ARXEyTIuHP | [error] | URL : http://doodlebluelive.com:2122/api/v1/user/createAdmin | Request : {} | Error : Bad Request
29/3/2022 13:00 | /responses.js(137) | F60lZdUjOlm2GPjOMjff5rC6t1LMlppK | [error] | URL : http://doodlebluelive.com:2122/api/v1/user/createAdmin | Request : {} | Error : Bad Request
29/3/2022 13:01 | /responses.js(137) | BQNezM3gXaKPlZg6noX2wXLYA31KhBON | [error] | URL : http://doodlebluelive.com:2122/api/v1/user/createAdmin | Request : {} | Error : Bad Request
29/3/2022 13:01 | /responses.js(137) | 8XJFuwRYJt971Y2WzEL9mJJGYktCHfAA | [error] | URL : http://doodlebluelive.com:2122/api/v1/user/createAdmin | Request : {} | Error : Bad Request
29/3/2022 13:01 | /responses.js(137) | SjBfRshKhd89InD6ZrVOtVWkYpBNpnGF | [error] | URL : http://doodlebluelive.com:2122/api/v1/user/createAdmin | Request : {} | Error : Bad Request
29/3/2022 13:01 | /responses.js(137) | r08d5tDJcKXeEXrDZAsGUD1WXVpSJChZ | [error] | URL : http://doodlebluelive.com:2122/api/v1/user/createAdmin | Request : {} | Error : Bad Request
29/3/2022 13:02 | /responses.js(137) | nyREfSs6rb9fvtBnxmUxjR71TtRfq6CP | [error] | URL : http://doodlebluelive.com:2122/api/v1/user/createAdmin | Request : {} | Error : Bad Request
29/3/2022 13:02 | /responses.js(137) | o4a23ALOrqYfZ0niUIwfYykKLqY5yif0 | [error] | URL : http://doodlebluelive.com:2122/api/v1/user/createAdmin | Request : {} | Error : Bad Request
29/3/2022 13:04 | /responses.js(137) | USb60H5Q3mad2xJzi4iudd5UgIAikIFM | [error] | URL : http://doodlebluelive.com:2122/api/v1/user/createAdmin | Request : {} | Error : Bad Request
29/3/2022 13:12 | /responses.js(137) | gslwQ4jXodSwLnIXwBP6Cvnxh3pT5sXn | [error] | URL : http://doodlebluelive.com:2122/api/v1/user/createAdmin | Request : {} | Error : Bad Request
29/3/2022 13:14 | /responses.js(137) | qB4zoXkImwKatA0yLtohHdGIgVzx46v1 | [error] | URL : http://doodlebluelive.com:2122/api/v1/roles/addRole | Request : {} | Error : Bad Request
29/3/2022 13:16 | /responses.js(137) | I1IXhRJVsQR86Zujh1wRxz2FyUxRgCHe | [error] | URL : http://doodlebluelive.com:2122/api/v1/roles/addRole | Request : {} | Error : Bad Request
29/3/2022 13:16 | /responses.js(137) | 9PQVm122hduKu6W55YvmafzW2BnDcdsa | [error] | URL : http://doodlebluelive.com:2122/api/v1/roles/addRole | Request : {} | Error : Bad Request
29/3/2022 13:16 | /responses.js(137) | 9DJTEg6inopeEmJP6NFfZshONGRZ4eAf | [error] | URL : http://doodlebluelive.com:2122/api/v1/roles/addRole | Request : {} | Error : Bad Request
29/3/2022 13:17 | /responses.js(137) | 0HRQaGFCXfIdCz6DZ9pi6DICbsnNNT1L | [error] | URL : http://doodlebluelive.com:2122/api/v1/roles/addRole | Request : {} | Error : Bad Request
29/3/2022 13:23 | /responses.js(137) | NvYAiy7G1L1uRLXnMDZlnTBVGPStSEck | [error] | URL : http://doodlebluelive.com:2122/api/v1/user/completeForm | Request : {} | Error : Bad Request
29/3/2022 13:26 | /responses.js(137) | 7gjE78mQTwqPHr46lXXb2miNu6mtGte9 | [error] | URL : http://doodlebluelive.com:2122/api/v1/user/forgetPassword/reset | Request : {} | Error : Bad Request
29/3/2022 13:31 | /errorHandler.js(7) | SNW1ataeXUxZCqDWEETY0mlTs1mOtwMI | [error] | IP - ::ffff:117.197.178.215 | URL : http://doodlebluelive.com:2122/api/v1/user/approveStatus?id=62430124d1531b7d14938122 | PUT | Request : {"roleId":"ROLE_8","status":1} | Error : {}
29/3/2022 13:32 | /errorHandler.js(7) | YW2mHUGvZuwDcyE4tyXKCpaFJswtTrZb | [error] | IP - ::ffff:117.197.178.215 | URL : http://doodlebluelive.com:2122/api/v1/user/approveStatus?id=62430124d1531b7d14938122 | PUT | Request : {"roleId":"ROLE_8","status":1} | Error : {}
29/3/2022 13:34 | /errorHandler.js(7) | pzvQvSXwS5P8ylxBS8WEBywAAmtLzd33 | [error] | IP - ::ffff:103.225.58.144 | URL : http://doodlebluelive.com:2122/api/v1/user/approveStatus?id=624300bbd1531b7d14938119 | PUT | Request : {"roleId":"ROLE_8","status":1} | Error : {}
29/3/2022 13:35 | /errorHandler.js(7) | 5Jgh33ajmDcxEBB2wRh1IfQjBSWV8VlF | [error] | IP - ::ffff:103.225.58.144 | URL : http://doodlebluelive.com:2122/api/v1/user/approveStatus?id=623dc6cd752c05582ce0673a | PUT | Request : {"roleId":"ROLE_7","status":1} | Error : {}
29/3/2022 13:35 | /errorHandler.js(7) | LL0ee3amVvGsY1aPsmjR9SFJh301zz7z | [error] | IP - ::ffff:103.225.58.144 | URL : http://doodlebluelive.com:2122/api/v1/user/approveStatus?id=623dc6cd752c05582ce0673a | PUT | Request : {"roleId":"ROLE_8","status":1} | Error : {}
29/3/2022 13:39 | /errorHandler.js(7) | zKA49Jk4TJ1dWPhvtTRnZvdAkJfFhRx8 | [error] | IP - ::ffff:14.97.124.146 | URL : http://doodlebluelive.com:2122/api/v1/user/approveStatus?id=6242fcf7d1531b7d149380cf | PUT | Request : {"roleId":"ROLE_8","status":1} | Error : {}
29/3/2022 13:42 | /errorHandler.js(7) | h5lHYIpfhx3ZDDZfLuvSfdLTniuNPl0g | [error] | IP - ::ffff:117.197.178.215 | URL : http://doodlebluelive.com:2122/api/v1/user/approveStatus?id=6242f4b4d1531b7d14938046 | PUT | Request : {"roleId":"ROLE_8","status":1} | Error : {}
29/3/2022 13:42 | /errorHandler.js(7) | YCLwODWkK3DmVzQ4aif7Pygx9cdsFjJE | [error] | IP - ::ffff:117.197.178.215 | URL : http://doodlebluelive.com:2122/api/v1/user/approveStatus?id=6242f4b4d1531b7d14938046 | PUT | Request : {"roleId":"ROLE_7","status":2} | Error : {}
29/3/2022 13:44 | /errorHandler.js(7) | iA5hLwSKtz9NQw8rJ46dV82jxNvYVCPJ | [error] | IP - ::ffff:117.197.178.215 | URL : http://doodlebluelive.com:2122/api/v1/user/approveStatus?id=6242b2b374b35d9ead637b83 | PUT | Request : {"roleId":"ROLE_4","status":1} | Error : {}
29/3/2022 13:44 | /errorHandler.js(7) | 7mkhby699tK9qxWNklbTpAIPKtXEhCcU | [error] | IP - ::ffff:117.197.178.215 | URL : http://doodlebluelive.com:2122/api/v1/user/approveStatus?id=6242b2b374b35d9ead637b83 | PUT | Request : {"roleId":"ROLE_3","status":1} | Error : {}
29/3/2022 13:51 | /responses.js(137) | 4ZuxPtZNIWcVyOGtIRsUw48NFx1FY0fx | [error] | URL : http://doodlebluelive.com:2122/api/v1/user/signIn | Request : {} | Error : Bad Request
29/3/2022 13:51 | /responses.js(137) | hVfXJk9sVAfhlhQVvX5qRjkeZ8PvzR7n | [error] | URL : http://doodlebluelive.com:2122/api/v1/user/signIn | Request : {} | Error : Bad Request
29/3/2022 13:57 | /errorHandler.js(7) | FWng7K952oQB2B8tBZI7ehTUfHJgVijy | [error] | IP - ::ffff:14.97.124.146 | URL : http://doodlebluelive.com:2122/api/v1/user/approveStatus?id=6242fcf7d1531b7d149380cf | PUT | Request : {"roleId":"ROLE_8","status":1} | Error : {}
29/3/2022 14:13 | /responses.js(137) | F3iIhEDAqzd2jERCzZuG40dK9yOkQvMW | [error] | URL : http://doodlebluelive.com:2122/api/v1/land/createLand | Request : {} | Error : Bad Request
29/3/2022 14:13 | /responses.js(137) | FgZhtApf1XoRwPGrbWGWjFGIuwZYPtii | [error] | URL : http://doodlebluelive.com:2122/api/v1/land/createLand | Request : {} | Error : Bad Request
29/3/2022 14:13 | /responses.js(137) | nRm85reteLUdIqtsSXs0Lul7rH5iyZff | [error] | URL : http://doodlebluelive.com:2122/api/v1/land/createLand | Request : {} | Error : Bad Request
29/3/2022 16:35 | /responses.js(137) | 98yhJ9fTb5Emd7CPlqvnvLTepayIT8p9 | [error] | URL : http://doodlebluelive.com:2122/api/v1/user/completeForm | Request : {} | Error : Bad Request
29/3/2022 16:35 | /responses.js(137) | JutpPM6bibhAgxEMzncEpr8hPimTEbIi | [error] | URL : http://doodlebluelive.com:2122/api/v1/user/completeForm | Request : {} | Error : Bad Request
29/3/2022 16:35 | /responses.js(137) | r9LZPjxc7a4HtudX1UaGmdyIKhO54tNY | [error] | URL : http://doodlebluelive.com:2122/api/v1/user/completeForm | Request : {} | Error : Bad Request
