17/3/2022 2:42 | /responses.js(139) | IO5UxUYRR5nM9pzCQmo4O9HPlGfFjD1x | [error] | URL : http://doodlebluelive.com:2122/api/v1/user/signup | Request : {} | Error : Bad Request
17/3/2022 2:43 | /responses.js(139) | fbf28Kp8xmyaHGtTRSeIqrENpxaRMocA | [error] | URL : http://doodlebluelive.com:2122/api/v1/user/signup | Request : {} | Error : Bad Request
17/3/2022 2:44 | /responses.js(139) | XhNe61sx4g5NtgFZLyCNrCEisie3K6ZL | [error] | URL : http://doodlebluelive.com:2122/api/v1/user/signup | Request : {} | Error : Bad Request
17/3/2022 6:28 | /responses.js(139) | mfldEqs4OIgFaAJGq6czrIKMcGKShk0J | [error] | URL : http://doodlebluelive.com:2122/api/v1/user/signup | Request : {} | Error : Bad Request
17/3/2022 6:29 | /responses.js(139) | 14L9kVNZAOwZb33EZdrKyeXgaDQtYPRO | [error] | URL : http://doodlebluelive.com:2122/api/v1/user/signup | Request : {} | Error : Bad Request
17/3/2022 6:29 | /responses.js(139) | IVKPDJSXgmfYCPa2rjkhSj2KU6hEgFKv | [error] | URL : http://doodlebluelive.com:2122/api/v1/user/signup | Request : {} | Error : Bad Request
17/3/2022 6:29 | /responses.js(139) | SEtBu9MQszTRXNce2PGzWSJiwd5YpLg0 | [error] | URL : http://doodlebluelive.com:2122/api/v1/user/signup | Request : {} | Error : Bad Request
17/3/2022 6:29 | /responses.js(139) | 6p9FaEypSk2pRUS7urfeGQ5dHxEdHAmP | [error] | URL : http://doodlebluelive.com:2122/api/v1/user/signup | Request : {} | Error : Bad Request
17/3/2022 6:31 | /responses.js(139) | nlkeYjtdugcxeZYPiXK4Bz1Dhlq8UTAK | [error] | URL : http://doodlebluelive.com:2122/api/v1/user/signup | Request : {} | Error : Bad Request
17/3/2022 6:31 | /responses.js(139) | 3uimDzw4IrGzf3v9VmuRnsgvIeFesOZY | [error] | URL : http://doodlebluelive.com:2122/api/v1/user/signup | Request : {} | Error : Bad Request
17/3/2022 6:32 | /responses.js(139) | TVOkEH7NORdb44T2utD0T9r2GY0ICXma | [error] | URL : http://doodlebluelive.com:2122/api/v1/user/signup | Request : {} | Error : Bad Request
17/3/2022 6:33 | /responses.js(139) | xzIFGfPcfOBv3Il63lCn6b8nVpyRGfCx | [error] | URL : http://doodlebluelive.com:2122/api/v1/user/signup | Request : {} | Error : Bad Request
17/3/2022 6:33 | /responses.js(139) | yYaxoHDF269jSmkvxhYTSNMTQWSbrTBg | [error] | URL : http://doodlebluelive.com:2122/api/v1/user/signup | Request : {} | Error : Bad Request
17/3/2022 6:34 | /responses.js(139) | soUm15ZuatqO2fhJMgvYrkFq064F0FKW | [error] | URL : http://doodlebluelive.com:2122/api/v1/user/signup | Request : {} | Error : Bad Request
17/3/2022 6:34 | /responses.js(139) | cG0XXgvR2zjhdDOn7jfmZI9ZAwI6ZR2k | [error] | URL : http://doodlebluelive.com:2122/api/v1/user/signup | Request : {} | Error : Bad Request
17/3/2022 6:34 | /responses.js(139) | bVszkmnUadoL0IbldpDDGNPZDTzFjpX8 | [error] | URL : http://doodlebluelive.com:2122/api/v1/user/signup | Request : {} | Error : Bad Request
17/3/2022 6:35 | /responses.js(139) | 8aUdcqJoaTyS5vftLf3JbtOIFOHfHgMJ | [error] | URL : http://doodlebluelive.com:2122/api/v1/user/signup | Request : {} | Error : Bad Request
17/3/2022 6:37 | /responses.js(139) | 7S9xYIqpiAcjG1DYoDvZMDbsu8U99sjk | [error] | URL : http://doodlebluelive.com:2122/api/v1/user/signup | Request : {} | Error : Bad Request
17/3/2022 6:38 | /responses.js(139) | GCZ4VtkokWWwHgvTzBZNGCMn2gIqoVhI | [error] | URL : http://doodlebluelive.com:2122/api/v1/user/signup | Request : {} | Error : Bad Request
17/3/2022 6:42 | /responses.js(139) | 6Tg18kRj2VxsiPUTXdYoXpO6qQRNbJFZ | [error] | URL : http://doodlebluelive.com:2122/api/v1/user/forgetPassword | Request : {} | Error : Bad Request
17/3/2022 6:42 | /responses.js(139) | Dod65w6CvuodiRl5Dcp9IsmPQftGdlkT | [error] | URL : http://doodlebluelive.com:2122/api/v1/user/forgetPassword | Request : {} | Error : Bad Request
17/3/2022 6:43 | /responses.js(139) | kKJkGBzfI9X1SliQRU7ZOvaYh7QKO3F5 | [error] | URL : http://doodlebluelive.com:2122/api/v1/user/forgetPassword | Request : {} | Error : Bad Request
17/3/2022 6:45 | /responses.js(139) | twhRD2D0xpMBUd6oByEdvIFBhDdMjlWW | [error] | URL : http://doodlebluelive.com:2122/api/v1/user/forgetPassword | Request : {} | Error : Bad Request
17/3/2022 6:45 | /responses.js(139) | a9oXMRrJWvs3qwSE44a1romXt0CaEQ5Y | [error] | URL : http://doodlebluelive.com:2122/api/v1/user/forgetPassword | Request : {} | Error : Bad Request
17/3/2022 6:46 | /responses.js(139) | iZbfNbCeznmnLrSkuMnZOCE0jZD8EgDe | [error] | URL : http://doodlebluelive.com:2122/api/v1/user/forgetPassword | Request : {} | Error : Bad Request
17/3/2022 6:46 | /responses.js(139) | vu7Wcv0o4j8g5HrK45DqTqNieIkztoZe | [error] | URL : http://doodlebluelive.com:2122/api/v1/user/forgetPassword | Request : {} | Error : Bad Request
17/3/2022 9:21 | /responses.js(139) | GipmZFDDE0jiU27vmX8Z1dvwets9XqXJ | [error] | URL : http://doodlebluelive.com:2122/api/v1/user/completeForm | Request : {} | Error : Bad Request
17/3/2022 9:56 | /errorHandler.js(7) | 5gJJkxiHnKWQOC8FGCtqllJBCpD90G7G | [error] | IP - ::ffff:103.58.152.103 | URL : http://doodlebluelive.com:2122/api/v1/land/bulk | POST | Request : {} | Error : Only .xlsx, .xls and .csv format allowed!
17/3/2022 9:58 | /errorHandler.js(7) | AQEwmCAcintZwjdSd2QYc3A0WJoicPT5 | [error] | IP - ::ffff:103.58.152.103 | URL : http://doodlebluelive.com:2122/api/v1/land/bulk | POST | Request : {} | Error : Only .xlsx, .xls and .csv format allowed!
