26/4/2022 3:26 | /responses.js(137) | B07zSKEBXrZH139WYQwyXZRpFl8xy4AN | [error] | URL : http://doodlebluelive.com:2122/api/v1/application/createApplication | Request : {} | Error : Bad Request
26/4/2022 5:31 | /responses.js(137) | fytWfWJeXUCJeWfMypSlzZ7OM2vK6GsZ | [error] | URL : http://doodlebluelive.com:2122/api/v1/application/createApplication | Request : {} | Error : Bad Request
26/4/2022 5:31 | /responses.js(137) | DNcSkhsr0p0jOfbexfGSKGKbtFvwUie8 | [error] | URL : http://doodlebluelive.com:2122/api/v1/application/createApplication | Request : {} | Error : Bad Request
26/4/2022 5:33 | /responses.js(137) | YVOreN9jE7eEFiNWyzAPKgj2dBlEgFRf | [error] | URL : http://doodlebluelive.com:2122/api/v1/application/createApplication | Request : {} | Error : Bad Request
26/4/2022 5:34 | /responses.js(137) | Xov91qJY1U6LBg2vXd5OXCLKm8QM1Jw3 | [error] | URL : http://doodlebluelive.com:2122/api/v1/application/createApplication | Request : {} | Error : Bad Request
26/4/2022 5:42 | /responses.js(137) | CWLsnqotVSkFsBNTFxhSpUxt1gdYEMaA | [error] | URL : http://doodlebluelive.com:2122/api/v1/application/createApplication | Request : {} | Error : Bad Request
26/4/2022 5:43 | /responses.js(137) | s57MJB248p9x4PGHCD7BreW7zVdMxBZg | [error] | URL : http://doodlebluelive.com:2122/api/v1/application/createApplication | Request : {} | Error : Bad Request
26/4/2022 5:44 | /responses.js(137) | 4kfuSM3wiewjXOwB5sieUUNOprKRLrNR | [error] | URL : http://doodlebluelive.com:2122/api/v1/application/createApplication | Request : {} | Error : Bad Request
26/4/2022 5:44 | /responses.js(137) | NUwBMhnG82ivixFnVLb5ofAcKiq5bKlw | [error] | URL : http://doodlebluelive.com:2122/api/v1/application/createApplication | Request : {} | Error : Bad Request
26/4/2022 5:50 | /responses.js(137) | EfXxvbZBr4lr1rWA2H0YywyroTphw130 | [error] | URL : http://doodlebluelive.com:2122/api/v1/application/createApplication | Request : {} | Error : Bad Request
26/4/2022 5:50 | /responses.js(137) | 6a8qd7JYcEaNTtARtnQ2EDVEcrBqXZFj | [error] | URL : http://doodlebluelive.com:2122/api/v1/application/createApplication | Request : {} | Error : Bad Request
26/4/2022 5:51 | /responses.js(137) | xjfszGzPDq2XVXuzkSWNAGIcekmoCz0p | [error] | URL : http://doodlebluelive.com:2122/api/v1/application/createApplication | Request : {} | Error : Bad Request
26/4/2022 5:57 | /responses.js(137) | 06auJjngdeziHEb4Wh7PtwxfzNca1HN5 | [error] | URL : http://doodlebluelive.com:2122/api/v1/application/createApplication | Request : {} | Error : Bad Request
26/4/2022 5:57 | /responses.js(137) | 89KFbLqvgquFW5ixY0wannBnAVht7HMN | [error] | URL : http://doodlebluelive.com:2122/api/v1/application/createApplication | Request : {} | Error : Bad Request
26/4/2022 5:57 | /responses.js(137) | Dytm1Y7IyECuzVEbNUyW3QtzfQga8GZf | [error] | URL : http://doodlebluelive.com:2122/api/v1/application/createApplication | Request : {} | Error : Bad Request
26/4/2022 5:57 | /responses.js(137) | gFiU8WY2aEjEzmIJmeuWVVe8k5P4MjZr | [error] | URL : http://doodlebluelive.com:2122/api/v1/application/createApplication | Request : {} | Error : Bad Request
26/4/2022 5:57 | /responses.js(137) | L8Jqx7slSbxnibigu9xGZ4SFrMZGlCCi | [error] | URL : http://doodlebluelive.com:2122/api/v1/application/createApplication | Request : {} | Error : Bad Request
26/4/2022 5:58 | /responses.js(137) | 0JKWZQ3O9BQEN7mRlekwhZhVtUwekrj8 | [error] | URL : http://doodlebluelive.com:2122/api/v1/application/createApplication | Request : {} | Error : Bad Request
26/4/2022 5:58 | /responses.js(137) | BHbU8yeNiz3xMbCRQk3LXtqujCxRlRdg | [error] | URL : http://doodlebluelive.com:2122/api/v1/application/createApplication | Request : {} | Error : Bad Request
26/4/2022 5:58 | /responses.js(137) | r1NdhAh9JIxkTsqsrgGHzfV4pfH3O3em | [error] | URL : http://doodlebluelive.com:2122/api/v1/application/createApplication | Request : {} | Error : Bad Request
26/4/2022 5:58 | /responses.js(137) | TtByxRXFCauxIDQwtuB2MbHkrnWoOJxh | [error] | URL : http://doodlebluelive.com:2122/api/v1/application/createApplication | Request : {} | Error : Bad Request
26/4/2022 5:59 | /responses.js(137) | Z7RZL4066emMbu3QsB94LGzOHaC8K1n4 | [error] | URL : http://doodlebluelive.com:2122/api/v1/application/createApplication | Request : {} | Error : Bad Request
26/4/2022 5:59 | /responses.js(137) | XkRxMiFkTztve3Mexwb90JzXN1VZ6ibb | [error] | URL : http://doodlebluelive.com:2122/api/v1/application/createApplication | Request : {} | Error : Bad Request
26/4/2022 5:59 | /responses.js(137) | QhBsf7WHl0DgVVrHHCrVXhlHhHFTg10O | [error] | URL : http://doodlebluelive.com:2122/api/v1/application/createApplication | Request : {} | Error : Bad Request
26/4/2022 6:28 | /responses.js(137) | 4Xdoe5MdmWPBJfcNPJnCL4ASxyWBJs2n | [error] | URL : http://doodlebluelive.com:2122/api/v1/application/createApplication | Request : {} | Error : Bad Request
26/4/2022 6:39 | /responses.js(137) | ppkL5bz2uqkSmSFF6uZN7DetPXls2zSr | [error] | URL : http://doodlebluelive.com:2122/api/v1/user/editAdmin?id=6266436c87e87ddaadbeafcd | Request : {} | Error : Bad Request
26/4/2022 6:39 | /responses.js(137) | sLgNR2M7SgJSwl0Y3vsRFQIeMVwQqOD3 | [error] | URL : http://doodlebluelive.com:2122/api/v1/user/editAdmin?id=6266436c87e87ddaadbeafcd | Request : {} | Error : Bad Request
26/4/2022 6:40 | /responses.js(137) | 1dGkXhUBgqYUpohjOZNPZOeWCRB2JHve | [error] | URL : http://doodlebluelive.com:2122/api/v1/user/editAdmin?id=6266436c87e87ddaadbeafcd | Request : {} | Error : Bad Request
26/4/2022 6:40 | /responses.js(137) | F99pvCWbo8xcRGL3tq4C48tp7b8LCvD6 | [error] | URL : http://doodlebluelive.com:2122/api/v1/user/editAdmin?id=6266436c87e87ddaadbeafcd | Request : {} | Error : Bad Request
26/4/2022 6:40 | /responses.js(137) | Ldb8dIn06QmcoUqU75Xts9U6XnG1sJiL | [error] | URL : http://doodlebluelive.com:2122/api/v1/user/editAdmin?id=6266436c87e87ddaadbeafcd | Request : {} | Error : Bad Request
26/4/2022 6:41 | /responses.js(137) | L3vGFyQ5DhiahLNruXUss6mIrZIzJqT2 | [error] | URL : http://doodlebluelive.com:2122/api/v1/user/editAdmin?id=6266436c87e87ddaadbeafcd | Request : {} | Error : Bad Request
26/4/2022 6:41 | /responses.js(137) | DizG6aY04cdowYDFsi2pqXrNGwZDRjqE | [error] | URL : http://doodlebluelive.com:2122/api/v1/user/editAdmin?id=6266436c87e87ddaadbeafcd | Request : {} | Error : Bad Request
26/4/2022 6:43 | /responses.js(137) | KykwGCuCA8DzWm6wx73oAFc92VsnEFR9 | [error] | URL : http://doodlebluelive.com:2122/api/v1/user/editAdmin?id=62678f77caa5c8207efee499 | Request : {} | Error : Bad Request
26/4/2022 6:52 | /responses.js(137) | DskwsZtaUGxzkfunpcjLMK4zDs683Uo8 | [error] | URL : http://doodlebluelive.com:2122/api/v1/user/editAdmin?id=62678f77caa5c8207efee499 | Request : {} | Error : Bad Request
26/4/2022 7:04 | /responses.js(137) | d1N8wkTNraXY72T9IuGH1l3pkDNsuTo4 | [error] | URL : http://doodlebluelive.com:2122/api/v1/user/editAdmin?id=62678f77caa5c8207efee499 | Request : {} | Error : Bad Request
26/4/2022 10:13 | /responses.js(137) | dQK9OiPuVveZ3FEV32gvcK2uvwbxEgWb | [error] | URL : http://doodlebluelive.com:2122/api/v1/application/createApplication | Request : {} | Error : Bad Request
26/4/2022 10:19 | /responses.js(137) | jihNv16npIUyK2pZSWPi2auMeozNfqkA | [error] | URL : http://doodlebluelive.com:2122/api/v1/application/createApplication | Request : {} | Error : Bad Request
26/4/2022 10:19 | /responses.js(137) | ejji31VZyrDQvH5szNy6oOrJ5f3OutPJ | [error] | URL : http://doodlebluelive.com:2122/api/v1/application/createApplication | Request : {} | Error : Bad Request
26/4/2022 10:23 | /responses.js(137) | LNJQeRzXzwVs3cNZXl9qeRGIITjED7zY | [error] | URL : http://doodlebluelive.com:2122/api/v1/application/createApplication | Request : {} | Error : Bad Request
26/4/2022 10:24 | /responses.js(137) | PnEZcwlSL6pJkqMDOYmvZaxrsLtZe387 | [error] | URL : http://doodlebluelive.com:2122/api/v1/application/createApplication | Request : {} | Error : Bad Request
26/4/2022 10:25 | /responses.js(137) | 8e3GKquY0mGJHxZi7FKCaMu6fWxhfSNE | [error] | URL : http://doodlebluelive.com:2122/api/v1/application/createApplication | Request : {} | Error : Bad Request
26/4/2022 10:35 | /responses.js(137) | yQ42AjFHvuuq8Rd9F8L5BKxhODMNh1pX | [error] | URL : http://doodlebluelive.com:2122/api/v1/application/createApplication | Request : {} | Error : Bad Request
26/4/2022 10:35 | /responses.js(137) | ddGGMEa6pbr9rJ3sKGWmaMcp95gYz81t | [error] | URL : http://doodlebluelive.com:2122/api/v1/application/createApplication | Request : {} | Error : Bad Request
26/4/2022 10:37 | /responses.js(137) | 6dOL5UGpnirDo3SCRSyzRpHwiTRFO0Bi | [error] | URL : http://doodlebluelive.com:2122/api/v1/application/editApplication?id=6267c775cfd7f94e9e226e8b | Request : {} | Error : Bad Request
26/4/2022 10:37 | /responses.js(137) | 070LN2sN7mXNHhlTfxxsqtpoGHNaKQHz | [error] | URL : http://doodlebluelive.com:2122/api/v1/application/editApplication?id=6267c775cfd7f94e9e226e8b | Request : {} | Error : Bad Request
26/4/2022 10:37 | /responses.js(137) | bAKHjBGcSUfMMJhx8rKO9ssXq54c1dYi | [error] | URL : http://doodlebluelive.com:2122/api/v1/application/editApplication?id=6267c775cfd7f94e9e226e8b | Request : {} | Error : Bad Request
26/4/2022 10:37 | /responses.js(137) | FvitdBNi7ABKw3nhvr6CywsBGkjQgLjb | [error] | URL : http://doodlebluelive.com:2122/api/v1/application/editApplication?id=6267c775cfd7f94e9e226e8b | Request : {} | Error : Bad Request
26/4/2022 10:38 | /responses.js(137) | kHYPmWHiELjBM3HeydtJZjSvQCm8djqT | [error] | URL : http://doodlebluelive.com:2122/api/v1/application/editApplication?id=6267c775cfd7f94e9e226e8b | Request : {} | Error : Bad Request
26/4/2022 10:38 | /responses.js(137) | DkegHlCarEvxhJMKsAPvNgQYFzUE4hIS | [error] | URL : http://doodlebluelive.com:2122/api/v1/application/editApplication?id=6267c775cfd7f94e9e226e8b | Request : {} | Error : Bad Request
26/4/2022 10:44 | /responses.js(137) | XpvRyga6sNwrAJr74OGivsv2Xyweoohf | [error] | URL : http://doodlebluelive.com:2122/api/v1/application/editApplication?id=6267cc53b885ab0431dbfa83 | Request : {} | Error : Bad Request
26/4/2022 10:44 | /responses.js(137) | u3f21xvVmrOTpliTWAWmLdSmpIIecP4X | [error] | URL : http://doodlebluelive.com:2122/api/v1/application/editApplication?id=6267cc53b885ab0431dbfa83 | Request : {} | Error : Bad Request
26/4/2022 10:44 | /responses.js(137) | PT54P5hY8Crp1UKQZ24HwpuUCdDCVRAM | [error] | URL : http://doodlebluelive.com:2122/api/v1/application/editApplication?id=6267c775cfd7f94e9e226e8b | Request : {} | Error : Bad Request
26/4/2022 10:46 | /responses.js(137) | YrfGJ2FhHtzROpZznHJpZCwvoCewXu8B | [error] | URL : http://doodlebluelive.com:2122/api/v1/application/editApplication?id=6267cc53b885ab0431dbfa83 | Request : {} | Error : Bad Request
26/4/2022 10:48 | /responses.js(137) | tXREKL6HKbTf3fapif9ii6EFULN139I7 | [error] | URL : http://doodlebluelive.com:2122/api/v1/application/editApplication?id=6267cc53b885ab0431dbfa83 | Request : {} | Error : Bad Request
26/4/2022 10:50 | /responses.js(137) | a4Sn3nemPlBvF6ifBJS8Ix4uskLr2c6h | [error] | URL : http://doodlebluelive.com:2122/api/v1/application/editApplication?id=6267cc53b885ab0431dbfa83 | Request : {} | Error : Bad Request
26/4/2022 10:51 | /responses.js(137) | 5DRMBUPzxC8xv7oeK5xVx44oP06CR7ws | [error] | URL : http://doodlebluelive.com:2122/api/v1/application/editApplication?id=6267cc53b885ab0431dbfa83 | Request : {} | Error : Bad Request
26/4/2022 10:51 | /responses.js(137) | JBWRMf4kuYgUvvCqX755b5NGeNbirLF4 | [error] | URL : http://doodlebluelive.com:2122/api/v1/application/editApplication?id=6267cc53b885ab0431dbfa83 | Request : {} | Error : Bad Request
26/4/2022 10:54 | /responses.js(137) | HqcM3o7tTAgYhd07iKnnYoIxeTIPkfwu | [error] | URL : http://doodlebluelive.com:2122/api/v1/application/editApplication?id=6267cc53b885ab0431dbfa83 | Request : {} | Error : Bad Request
26/4/2022 11:00 | /responses.js(137) | LbJ9go5MIGNkz4gZRdzpJ8bqb55pUD2D | [error] | URL : http://doodlebluelive.com:2122/api/v1/application/editApplication?id=6267cc53b885ab0431dbfa83 | Request : {} | Error : Bad Request
26/4/2022 11:00 | /responses.js(137) | TMc2xy95yAVS1HCQBlezEr0zbFKuZrx3 | [error] | URL : http://doodlebluelive.com:2122/api/v1/application/editApplication?id=6267cc53b885ab0431dbfa83 | Request : {} | Error : Bad Request
26/4/2022 11:01 | /responses.js(137) | k99yGDfJfkGyaiSpDNSEe8IhzJzH0rew | [error] | URL : http://doodlebluelive.com:2122/api/v1/application/editApplication?id=6267cc53b885ab0431dbfa83 | Request : {} | Error : Bad Request
26/4/2022 11:02 | /responses.js(137) | K1cIy8CNXRYZKbGvJUnalFSrSIGERyVw | [error] | URL : http://doodlebluelive.com:2122/api/v1/application/editApplication?id=6267cc53b885ab0431dbfa83 | Request : {} | Error : Bad Request
26/4/2022 11:04 | /responses.js(137) | XsFnwROeGPvewDk0w1vlfLXx0rRiQDsC | [error] | URL : http://doodlebluelive.com:2122/api/v1/application/editApplication?id=6267cc53b885ab0431dbfa83 | Request : {} | Error : Bad Request
26/4/2022 11:04 | /responses.js(137) | OJdIxA9n76hLswKDv3caSMIJ1A3zdyDU | [error] | URL : http://doodlebluelive.com:2122/api/v1/application/editApplication?id=6267cc53b885ab0431dbfa83 | Request : {} | Error : Bad Request
26/4/2022 12:12 | /responses.js(137) | hhKyJ1BVqNYunoolAet1CM4Wl2ZkHR4e | [error] | URL : http://doodlebluelive.com:2122/api/v1/application/createApplication | Request : {} | Error : Bad Request
26/4/2022 12:13 | /responses.js(137) | rCoKGw1cZ33os3sXrM8UdlQxE6mvjpWO | [error] | URL : http://doodlebluelive.com:2122/api/v1/application/createApplication | Request : {} | Error : Bad Request
