21/4/2022 4:58 | /responses.js(137) | 38nxqk8m1vV4uGKnpxOI7Ifp7Z0XlG6i | [error] | URL : http://doodlebluelive.com:2122/api/v1/user/signIn | Request : {} | Error : Bad Request
21/4/2022 7:28 | /responses.js(137) | lUsEMpMDwjvWBLFETVo8Q9UyOFD9bkAy | [error] | URL : http://doodlebluelive.com:2122/api/v1/user/signIn | Request : {} | Error : Bad Request
21/4/2022 7:28 | /responses.js(137) | US5pSiYEhE6vRHmZFAMq62whN9ZNOzZd | [error] | URL : http://doodlebluelive.com:2122/api/v1/user/signIn | Request : {} | Error : Bad Request
21/4/2022 7:32 | /responses.js(137) | PrVTER7ReaJ1EWm2PvMgVxuQ9i9H4HzP | [error] | URL : http://doodlebluelive.com:2122/api/v1/user/createAdmin | Request : {} | Error : Bad Request
21/4/2022 8:20 | /responses.js(137) | EsjkFH8gG3uQdAGwXA7zMOxZhSVZPrL1 | [error] | URL : http://doodlebluelive.com:2122/api/v1/user/signIn | Request : {} | Error : Bad Request
21/4/2022 8:20 | /responses.js(137) | YAcQx7n7ndHvpGna7JkDQ6mAK8JA0mzy | [error] | URL : http://doodlebluelive.com:2122/api/v1/user/signIn | Request : {} | Error : Bad Request
21/4/2022 8:20 | /responses.js(137) | W2hFStpwC8vmvrdIyEWu7DSKVnVPnuZz | [error] | URL : http://doodlebluelive.com:2122/api/v1/user/signIn | Request : {} | Error : Bad Request
21/4/2022 8:56 | /responses.js(137) | 72oTrBJrEBxhS6hJ3bhjv4nvZJFGSxCi | [error] | URL : http://doodlebluelive.com:2122/api/v1/user/signIn | Request : {} | Error : Bad Request
21/4/2022 9:12 | /responses.js(137) | lwl3D4SfcRVGVbwNYVRCsIR5ARCaZ9Gj | [error] | URL : http://doodlebluelive.com:2122/api/v1/user/createAdmin | Request : {} | Error : Bad Request
21/4/2022 10:56 | /responses.js(137) | RNpMtL3vDoEbbR1XddA70gBcayBBZ2Wo | [error] | URL : http://doodlebluelive.com:2122/api/v1/user/signIn | Request : {} | Error : Bad Request
21/4/2022 11:01 | /responses.js(137) | dWGPjlDDSPnWupiCCd92G4qlC7TxO4n5 | [error] | URL : http://doodlebluelive.com:2122/api/v1/user/editProfile?id=625fefa3a58857422f3a10af | Request : {} | Error : Bad Request
21/4/2022 11:02 | /responses.js(137) | mumpiZdwj6gUwVgSpVTEoju8LOJG3k2h | [error] | URL : http://doodlebluelive.com:2122/api/v1/user/editProfile?id=625fefa3a58857422f3a10af | Request : {} | Error : Bad Request
21/4/2022 11:11 | /responses.js(137) | rZDy2j37gFquiEnoDfJdUv0WuSD0a3SZ | [error] | URL : http://doodlebluelive.com:2122/api/v1/user/editProfile?id=625fefa3a58857422f3a10af | Request : {} | Error : Bad Request
21/4/2022 11:29 | /responses.js(137) | V2uVi4Vi6HSj46AprzCyijxqGi1LZZEW | [error] | URL : http://doodlebluelive.com:2122/api/v1/user/editProfile?id=62611ce40e7f7e2b01b5b538 | Request : {} | Error : Bad Request
21/4/2022 11:29 | /responses.js(137) | upFKrs0mHpOfueKdOTFffe2O0icjdPbp | [error] | URL : http://doodlebluelive.com:2122/api/v1/user/editProfile?id=62611ce40e7f7e2b01b5b538 | Request : {} | Error : Bad Request
21/4/2022 11:31 | /responses.js(137) | vIzEH0Or1n94WdWzEqNWpEQwSni2LW9P | [error] | URL : http://doodlebluelive.com:2122/api/v1/user/editProfile?id=62611ce40e7f7e2b01b5b538 | Request : {} | Error : Bad Request
21/4/2022 11:31 | /responses.js(137) | W8h35Mx8ryjDjtHvVMmecFDe2F8h5n0n | [error] | URL : http://doodlebluelive.com:2122/api/v1/user/editProfile?id=62611ce40e7f7e2b01b5b538 | Request : {} | Error : Bad Request
21/4/2022 11:31 | /responses.js(137) | LFI1osE626EOnEgAX37jHO3Wy7A0FlRE | [error] | URL : http://doodlebluelive.com:2122/api/v1/user/editProfile?id=62611ce40e7f7e2b01b5b538 | Request : {} | Error : Bad Request
21/4/2022 11:36 | /responses.js(137) | 0tp5DqDD6HpgxWh6DOHeLsNTBZl42UE3 | [error] | URL : http://doodlebluelive.com:2122/api/v1/user/editProfile?id=62611ce40e7f7e2b01b5b538 | Request : {} | Error : Bad Request
21/4/2022 11:36 | /responses.js(137) | wm8H0R9gXj7Uikqxs8lvK20UNBCHAY8z | [error] | URL : http://doodlebluelive.com:2122/api/v1/user/editProfile?id=62611ce40e7f7e2b01b5b538 | Request : {} | Error : Bad Request
21/4/2022 11:43 | /responses.js(137) | EXXZoNyAWHN332c9wD0xWaOQFeIeoR2U | [error] | URL : http://doodlebluelive.com:2122/api/v1/user/editProfile?id=62611ce40e7f7e2b01b5b538 | Request : {} | Error : Bad Request
21/4/2022 11:45 | /responses.js(137) | Z131lV0SyyzunmeC1JQW5CUuKG0XfZHc | [error] | URL : http://doodlebluelive.com:2122/api/v1/application/createApplication | Request : {} | Error : Bad Request
21/4/2022 11:45 | /responses.js(137) | PywxadvNiawZ5PCHvQvuF4De1R2leuq1 | [error] | URL : http://doodlebluelive.com:2122/api/v1/application/createApplication | Request : {} | Error : Bad Request
21/4/2022 11:45 | /responses.js(137) | BV0mPEx1z0OJEVk3p7slSdh8GWj7oV1X | [error] | URL : http://doodlebluelive.com:2122/api/v1/application/createApplication | Request : {} | Error : Bad Request
21/4/2022 11:46 | /responses.js(137) | 3W41X0zU4bY36XTUL2rilMZL27CpTWtY | [error] | URL : http://doodlebluelive.com:2122/api/v1/application/createApplication | Request : {} | Error : Bad Request
21/4/2022 11:46 | /responses.js(137) | pshQuBvkYNFYisOlNsvva5HJMhiGPIY2 | [error] | URL : http://doodlebluelive.com:2122/api/v1/user/editProfile?id=62611ce40e7f7e2b01b5b538 | Request : {} | Error : Bad Request
21/4/2022 11:46 | /responses.js(137) | 9qoCchFpbOIOsrp2jKsBLca5PusgLbVc | [error] | URL : http://doodlebluelive.com:2122/api/v1/application/createApplication | Request : {} | Error : Bad Request
21/4/2022 11:46 | /responses.js(137) | Meezb7gIHI6p6ZNpLK3eovdWhirlsQ9a | [error] | URL : http://doodlebluelive.com:2122/api/v1/user/editProfile?id=62611ce40e7f7e2b01b5b538 | Request : {} | Error : Bad Request
21/4/2022 11:46 | /responses.js(137) | P6JDwpMgG3ksPHyv7pGijMS3mlkkbP7L | [error] | URL : http://doodlebluelive.com:2122/api/v1/application/createApplication | Request : {} | Error : Bad Request
21/4/2022 11:46 | /responses.js(137) | wkxYQ7sHNCDeldq6M4flD8VvzoyLuMFD | [error] | URL : http://doodlebluelive.com:2122/api/v1/application/createApplication | Request : {} | Error : Bad Request
21/4/2022 11:46 | /responses.js(137) | 2d12QHO7d0ylLsF7KCknnY13299A2NpW | [error] | URL : http://doodlebluelive.com:2122/api/v1/application/createApplication | Request : {} | Error : Bad Request
21/4/2022 11:46 | /responses.js(137) | X8gITz6YRB1KLGPuk5vPpqpnD6d4gNI6 | [error] | URL : http://doodlebluelive.com:2122/api/v1/application/createApplication | Request : {} | Error : Bad Request
21/4/2022 11:46 | /responses.js(137) | 3Xz6y3pqm48tW1yOkmWBwRXmcP5TMqnN | [error] | URL : http://doodlebluelive.com:2122/api/v1/application/createApplication | Request : {} | Error : Bad Request
21/4/2022 11:46 | /responses.js(137) | zKs4Tru7J9pbOIN0k0lJMfHi3Mwwvsn2 | [error] | URL : http://doodlebluelive.com:2122/api/v1/application/createApplication | Request : {} | Error : Bad Request
21/4/2022 11:46 | /responses.js(137) | WyCfYaQ0D6YlIf0T6AH2rF73yjxYJJUi | [error] | URL : http://doodlebluelive.com:2122/api/v1/application/createApplication | Request : {} | Error : Bad Request
21/4/2022 11:46 | /responses.js(137) | aDbmiRuUrDfowf41pHTbJa8O5WX8YfpW | [error] | URL : http://doodlebluelive.com:2122/api/v1/application/createApplication | Request : {} | Error : Bad Request
21/4/2022 11:46 | /responses.js(137) | K7yeHgMDVAcBGSA4SXWVU3rPAip1qrBf | [error] | URL : http://doodlebluelive.com:2122/api/v1/application/createApplication | Request : {} | Error : Bad Request
21/4/2022 11:46 | /responses.js(137) | AWCIBb94AYpnyHs30LyMRjW4P4CfzsxD | [error] | URL : http://doodlebluelive.com:2122/api/v1/application/createApplication | Request : {} | Error : Bad Request
21/4/2022 11:46 | /responses.js(137) | efq6QjJHwDEKzIUQrow9dhoUDVeaaXEJ | [error] | URL : http://doodlebluelive.com:2122/api/v1/application/createApplication | Request : {} | Error : Bad Request
21/4/2022 11:46 | /responses.js(137) | g72tQq9k77uC12r5CwdCAuTSKHCnwKGs | [error] | URL : http://doodlebluelive.com:2122/api/v1/application/createApplication | Request : {} | Error : Bad Request
21/4/2022 11:47 | /responses.js(137) | kPgVoxRFjDqfQ6ceDOTDj2jhvaEkamq6 | [error] | URL : http://doodlebluelive.com:2122/api/v1/application/createApplication | Request : {} | Error : Bad Request
21/4/2022 12:00 | /responses.js(137) | 9eHKMwygwnctlZ6qd7DU7tVhn7iz0C52 | [error] | URL : http://doodlebluelive.com:2122/api/v1/application/createApplication | Request : {} | Error : Bad Request
21/4/2022 12:04 | /responses.js(137) | dfGhJQooH47TykATlKS56CD3AQH7rC3v | [error] | URL : http://doodlebluelive.com:2122/api/v1/application/createApplication | Request : {} | Error : Bad Request
21/4/2022 12:04 | /responses.js(137) | WmdfB0ta0Xg8iNdbZUZPI3nezlPt5FRZ | [error] | URL : http://doodlebluelive.com:2122/api/v1/application/createApplication | Request : {} | Error : Bad Request
21/4/2022 12:04 | /responses.js(137) | mwVEmshV6k1p4MQJQyxBiVwYhCyKTjZW | [error] | URL : http://doodlebluelive.com:2122/api/v1/application/createApplication | Request : {} | Error : Bad Request
21/4/2022 12:05 | /responses.js(137) | wySpFtzXLzhnBb37Vq7rbb9LovoXYMDq | [error] | URL : http://doodlebluelive.com:2122/api/v1/application/createApplication | Request : {} | Error : Bad Request
21/4/2022 12:05 | /responses.js(137) | mf5soxizLNhhOEYaS2HkevhyO640LYzi | [error] | URL : http://doodlebluelive.com:2122/api/v1/application/createApplication | Request : {} | Error : Bad Request
21/4/2022 12:05 | /responses.js(137) | d3w5p6zQv4v5NzchGmD4GirsqhExjilb | [error] | URL : http://doodlebluelive.com:2122/api/v1/application/createApplication | Request : {} | Error : Bad Request
21/4/2022 12:05 | /responses.js(137) | Ek4ITqWNZAH9RG0svnWyRQ0Ci6eJDEHV | [error] | URL : http://doodlebluelive.com:2122/api/v1/application/createApplication | Request : {} | Error : Bad Request
21/4/2022 12:05 | /responses.js(137) | O0hfMvU0Ts2ImcMGFkMCjzLituWA5FT9 | [error] | URL : http://doodlebluelive.com:2122/api/v1/application/createApplication | Request : {} | Error : Bad Request
21/4/2022 12:05 | /responses.js(137) | 3OXxFmNChnZMK7ev2hMzLUlfzhFkq5q6 | [error] | URL : http://doodlebluelive.com:2122/api/v1/application/createApplication | Request : {} | Error : Bad Request
21/4/2022 12:05 | /responses.js(137) | 5wAB9gFjsHgpHwIQdwFqgBXDSv1xBiu5 | [error] | URL : http://doodlebluelive.com:2122/api/v1/application/createApplication | Request : {} | Error : Bad Request
21/4/2022 12:05 | /responses.js(137) | 8KLNAZMjsemppZMUoXCsYqGvSP96FbVm | [error] | URL : http://doodlebluelive.com:2122/api/v1/application/createApplication | Request : {} | Error : Bad Request
21/4/2022 12:05 | /responses.js(137) | ya1L8ewmsbE245siP44vaNnG4dapzuC9 | [error] | URL : http://doodlebluelive.com:2122/api/v1/application/createApplication | Request : {} | Error : Bad Request
21/4/2022 12:06 | /responses.js(137) | 3GQJlqVfemM4WgWCaEzRfU8j3Qp3bYRF | [error] | URL : http://doodlebluelive.com:2122/api/v1/application/createApplication | Request : {} | Error : Bad Request
21/4/2022 12:06 | /responses.js(137) | 9GsBkGwdH0BWjT1sXAu7ndWif3dB0wS5 | [error] | URL : http://doodlebluelive.com:2122/api/v1/application/createApplication | Request : {} | Error : Bad Request
21/4/2022 12:06 | /responses.js(137) | 8rctFcYChgaoXscS14TERALKS0COr4Da | [error] | URL : http://doodlebluelive.com:2122/api/v1/application/createApplication | Request : {} | Error : Bad Request
21/4/2022 12:06 | /responses.js(137) | mF9Bz7sws0GbNeO4aXM2yURh3SGfJ32N | [error] | URL : http://doodlebluelive.com:2122/api/v1/application/createApplication | Request : {} | Error : Bad Request
21/4/2022 12:06 | /responses.js(137) | 5LFREQVxGvwmUjKU3bJyPaHOdSk8KPBh | [error] | URL : http://doodlebluelive.com:2122/api/v1/application/createApplication | Request : {} | Error : Bad Request
21/4/2022 12:06 | /responses.js(137) | 75d87SMrbKnWdKXf7PXrbu6KDh0unlcc | [error] | URL : http://doodlebluelive.com:2122/api/v1/application/createApplication | Request : {} | Error : Bad Request
21/4/2022 12:06 | /responses.js(137) | hvvfVNagkJALZirhmF3TUmHA4yXfKj7d | [error] | URL : http://doodlebluelive.com:2122/api/v1/application/createApplication | Request : {} | Error : Bad Request
21/4/2022 12:12 | /responses.js(137) | JtCSePk3WfQPSxHVfm8eoKmVfNjFfzZw | [error] | URL : http://doodlebluelive.com:2122/api/v1/user/editProfile?id=62611ce40e7f7e2b01b5b538 | Request : {} | Error : Bad Request
21/4/2022 12:12 | /responses.js(137) | HAQE1DMUVWijIrI60FSByV16lE2ptkFj | [error] | URL : http://doodlebluelive.com:2122/api/v1/user/editProfile?id=62611ce40e7f7e2b01b5b538 | Request : {} | Error : Bad Request
21/4/2022 12:12 | /responses.js(137) | tcstHaoIVTEk2oflEdYnVuuhU9alRaFa | [error] | URL : http://doodlebluelive.com:2122/api/v1/user/editProfile?id=62611ce40e7f7e2b01b5b538 | Request : {} | Error : Bad Request
21/4/2022 12:13 | /responses.js(137) | mRuYHIHBUNMNjHEoJyMNuWWlgJIpPor0 | [error] | URL : http://doodlebluelive.com:2122/api/v1/user/editProfile?id=62611ce40e7f7e2b01b5b538 | Request : {} | Error : Bad Request
21/4/2022 12:15 | /responses.js(137) | NDMLJbOcWd6H60r3GJTZaLNdRw8X86QA | [error] | URL : http://doodlebluelive.com:2122/api/v1/application/createApplication | Request : {} | Error : Bad Request
21/4/2022 13:18 | /responses.js(137) | G7JqP0eEp2PGtZ1xwRJDKwWsX286OfSt | [error] | URL : http://doodlebluelive.com:2122/api/v1/user/createAdmin | Request : {} | Error : Bad Request
