22/3/2022 5:33 | /responses.js(139) | OdoHL8eQBN4Wfrk5OvgdfXHD9sT5pYPD | [error] | URL : http://doodlebluelive.com:2122/api/v1/user/editProfile/?id=6229e41997d612a399c31611 | Request : {} | Error : Bad Request
22/3/2022 6:24 | /responses.js(139) | wovj5868uCITIe5L0dx1ZUkoeXxssK8G | [error] | URL : http://doodlebluelive.com:2122/api/v1/user/completeForm | Request : {} | Error : Bad Request
22/3/2022 6:24 | /responses.js(139) | 9LnQqelJ9icthxUzYDPx6wvWopynhQih | [error] | URL : http://doodlebluelive.com:2122/api/v1/user/completeForm | Request : {} | Error : Bad Request
22/3/2022 6:26 | /responses.js(139) | AlJ975oQjyDf9YH0C7OHhM2kUrHo8zPt | [error] | URL : http://doodlebluelive.com:2122/api/v1/user/completeForm | Request : {} | Error : Bad Request
22/3/2022 6:30 | /responses.js(139) | go5bvcn6z6p3uJhbu1tKKVnPFblr3nM4 | [error] | URL : http://doodlebluelive.com:2122/api/v1/user/completeForm | Request : {} | Error : Bad Request
22/3/2022 6:39 | /responses.js(139) | yvLf2Ezn0SWHmzpYc4duKEMKO0yjaOGB | [error] | URL : http://doodlebluelive.com:2122/api/v1/user/createAdmin | Request : {} | Error : Bad Request
22/3/2022 8:20 | /responses.js(139) | d7fWnLvY58bafUvF498jSRSch0aJnlFF | [error] | URL : http://doodlebluelive.com:2122/api/v1/user/createAdmin | Request : {} | Error : Bad Request
22/3/2022 8:24 | /responses.js(139) | gys5hlEEO86rV5TtA5NU30ECmIUKRYKw | [error] | URL : http://doodlebluelive.com:2122/api/v1/user/createAdmin | Request : {} | Error : Bad Request
22/3/2022 9:53 | /responses.js(139) | kNu3GJlbiGTkXhM10UpBzc94iOK88tRg | [error] | URL : http://doodlebluelive.com:2122/api/v1/user/createAdmin | Request : {} | Error : Bad Request
22/3/2022 9:53 | /responses.js(139) | r8X67XxMrBDlH3rBFiqBkol6rfAisnPq | [error] | URL : http://doodlebluelive.com:2122/api/v1/user/createAdmin | Request : {} | Error : Bad Request
22/3/2022 9:58 | /responses.js(139) | 4yF7bUbte2R7Y3zFQx673OlI0EjAmB6j | [error] | URL : http://doodlebluelive.com:2122/api/v1/user/completeForm | Request : {} | Error : Bad Request
22/3/2022 9:58 | /responses.js(139) | Zq4XfqZgAIUkRdhNqj44MqfQK9RuFdgg | [error] | URL : http://doodlebluelive.com:2122/api/v1/user/completeForm | Request : {} | Error : Bad Request
22/3/2022 15:59 | /responses.js(139) | SkG0v79D38pwbm6HrCNpfm0JWeMQaSEV | [error] | URL : http://doodlebluelive.com:2122/api/v1/user/signup | Request : {} | Error : Bad Request
22/3/2022 15:59 | /responses.js(139) | uGHklFlJg6I91zyE7aizuvM5NPyoqd7W | [error] | URL : http://doodlebluelive.com:2122/api/v1/user/signup | Request : {} | Error : Bad Request
22/3/2022 15:59 | /responses.js(139) | uGAp1BaT1GDrn6AQvKORla4W25oZoD7R | [error] | URL : http://doodlebluelive.com:2122/api/v1/user/signup | Request : {} | Error : Bad Request
22/3/2022 15:59 | /responses.js(139) | bGk0TcD1kc3l1eUyF8TOv64aF7CWwbtK | [error] | URL : http://doodlebluelive.com:2122/api/v1/user/signup | Request : {} | Error : Bad Request
22/3/2022 15:59 | /responses.js(139) | pyUteWn3moAXiGb72crQWAnnOE35NNiW | [error] | URL : http://doodlebluelive.com:2122/api/v1/user/signup | Request : {} | Error : Bad Request
22/3/2022 15:59 | /responses.js(139) | htaKIe3lraaw0mxy8mW0akzwadcU7Wc2 | [error] | URL : http://doodlebluelive.com:2122/api/v1/user/signup | Request : {} | Error : Bad Request
22/3/2022 15:59 | /responses.js(139) | OvX22AqiWwTlUs3nDrs3lA6qypLRicui | [error] | URL : http://doodlebluelive.com:2122/api/v1/user/signup | Request : {} | Error : Bad Request
22/3/2022 15:59 | /responses.js(139) | UvLJeh8big78rFmCiTNNZL74ludAhrGP | [error] | URL : http://doodlebluelive.com:2122/api/v1/user/signup | Request : {} | Error : Bad Request
22/3/2022 16:00 | /responses.js(139) | gIOVWHw0hkSq20MtkCZgpLMVGLkk4CsA | [error] | URL : http://doodlebluelive.com:2122/api/v1/user/signup | Request : {} | Error : Bad Request
22/3/2022 16:00 | /responses.js(139) | ONirXar1tnqaRnpQIr6RjFgLMaleqXSb | [error] | URL : http://doodlebluelive.com:2122/api/v1/user/signup | Request : {} | Error : Bad Request
22/3/2022 16:00 | /responses.js(139) | 8wBIEC1kE8XdSRD3lLtenliVgHDPwBa4 | [error] | URL : http://doodlebluelive.com:2122/api/v1/user/signup | Request : {} | Error : Bad Request
22/3/2022 16:01 | /responses.js(139) | 3XCc0tpcl1CZh8VaHtOgY9L2jmxDMMpp | [error] | URL : http://doodlebluelive.com:2122/api/v1/user/signup | Request : {} | Error : Bad Request
22/3/2022 16:06 | /responses.js(139) | oczjKA6xCjuJVb9BP62kf2Re4uU5xEZG | [error] | URL : http://doodlebluelive.com:2122/api/v1/user/forgetPassword | Request : {} | Error : Bad Request
22/3/2022 16:06 | /responses.js(139) | czHq3Q4zvFOBuL0gDqoRkjqiK9dQYnAG | [error] | URL : http://doodlebluelive.com:2122/api/v1/user/forgetPassword | Request : {} | Error : Bad Request
22/3/2022 16:06 | /responses.js(139) | Rf1KfT9Jk6oE3TOMW7FubmJh5xEYdbzd | [error] | URL : http://doodlebluelive.com:2122/api/v1/user/forgetPassword | Request : {} | Error : Bad Request
22/3/2022 16:06 | /responses.js(139) | FapzMLo2prwtc6TSREGbsqxZaToGYXwU | [error] | URL : http://doodlebluelive.com:2122/api/v1/user/forgetPassword | Request : {} | Error : Bad Request
22/3/2022 16:06 | /responses.js(139) | 14KN8ThYw2AbZPlO48y5u7HbZah0WAUI | [error] | URL : http://doodlebluelive.com:2122/api/v1/user/forgetPassword | Request : {} | Error : Bad Request
22/3/2022 16:06 | /responses.js(139) | i7PVTnDkOgXZKRv6csOO9H6Ku7J2aq6x | [error] | URL : http://doodlebluelive.com:2122/api/v1/user/forgetPassword | Request : {} | Error : Bad Request
22/3/2022 16:06 | /responses.js(139) | KL54LuVS0c9dG8o98vWl43wc2u0scZGb | [error] | URL : http://doodlebluelive.com:2122/api/v1/user/forgetPassword | Request : {} | Error : Bad Request
22/3/2022 16:06 | /responses.js(139) | uAcMONkQbjzOIrTVj2lN0cep3wWmLsxA | [error] | URL : http://doodlebluelive.com:2122/api/v1/user/forgetPassword | Request : {} | Error : Bad Request
22/3/2022 16:06 | /responses.js(139) | 6qkrynxbwp4QBs8V9D9vODNrHTkT7LQC | [error] | URL : http://doodlebluelive.com:2122/api/v1/user/forgetPassword | Request : {} | Error : Bad Request
22/3/2022 16:06 | /responses.js(139) | Dqs2U7uJP8QR1iyFVse2abYfvBnVVg4D | [error] | URL : http://doodlebluelive.com:2122/api/v1/user/forgetPassword | Request : {} | Error : Bad Request
22/3/2022 16:06 | /responses.js(139) | M5yBuGTvl2wZ83z1NJNAY8dEyeb34B0H | [error] | URL : http://doodlebluelive.com:2122/api/v1/user/forgetPassword | Request : {} | Error : Bad Request
22/3/2022 16:06 | /responses.js(139) | BK6JFZvkI5O38W6fxXBoK7QUNYktVbcg | [error] | URL : http://doodlebluelive.com:2122/api/v1/user/forgetPassword | Request : {} | Error : Bad Request
22/3/2022 16:16 | /responses.js(139) | i1E0ycRI71LNKQXJpcABvpH43xetQPqs | [error] | URL : http://doodlebluelive.com:2122/api/v1/user/forgetPassword | Request : {} | Error : Bad Request
22/3/2022 16:20 | /responses.js(139) | 69y8W5V0wLiXyXoFJ2N5FtR72zNGqe9G | [error] | URL : http://doodlebluelive.com:2122/api/v1/user/forgetPassword/reset | Request : {} | Error : Bad Request
22/3/2022 16:20 | /responses.js(139) | wwQqgSLFPRMJvhlhZ7A3KeC9VRb8GbS0 | [error] | URL : http://doodlebluelive.com:2122/api/v1/user/forgetPassword/reset | Request : {} | Error : Bad Request
22/3/2022 16:20 | /responses.js(139) | 2O2sEs97IAJopXGNhDd4GerK9zd5x5MF | [error] | URL : http://doodlebluelive.com:2122/api/v1/user/forgetPassword/reset | Request : {} | Error : Bad Request
22/3/2022 16:20 | /responses.js(139) | QWWsiVPiedvG3vWMXBeeHAGeTSortIFi | [error] | URL : http://doodlebluelive.com:2122/api/v1/user/forgetPassword/reset | Request : {} | Error : Bad Request
22/3/2022 16:20 | /responses.js(139) | Uwzsdo6UE7ibpe774fPmravFK3XAVx5H | [error] | URL : http://doodlebluelive.com:2122/api/v1/user/forgetPassword/reset | Request : {} | Error : Bad Request
22/3/2022 16:20 | /responses.js(139) | omjbFhmXaRWgppVSZY3wOmk2K75excxK | [error] | URL : http://doodlebluelive.com:2122/api/v1/user/forgetPassword/reset | Request : {} | Error : Bad Request
22/3/2022 16:23 | /responses.js(139) | O1f5yDLoOjIq8AGXC7nM1Bnaoxbmifpt | [error] | URL : http://doodlebluelive.com:2122/api/v1/user/forgetPassword/reset | Request : {} | Error : Bad Request
22/3/2022 16:23 | /responses.js(139) | 2oAXAebQanDCLW3YNrWc5rMAtEsva5cq | [error] | URL : http://doodlebluelive.com:2122/api/v1/user/forgetPassword/reset | Request : {} | Error : Bad Request
22/3/2022 16:23 | /responses.js(139) | 2EBctnblvGxtXEXDbHkVDGvpnyh6uQkG | [error] | URL : http://doodlebluelive.com:2122/api/v1/user/forgetPassword/reset | Request : {} | Error : Bad Request
22/3/2022 16:23 | /responses.js(139) | qysxDLqq3BFkdGl65PN6LpbZZxFp0OTf | [error] | URL : http://doodlebluelive.com:2122/api/v1/user/forgetPassword/reset | Request : {} | Error : Bad Request
22/3/2022 16:23 | /responses.js(139) | 4V1RFrrHqKLSPIKVvkTytLVvhyWETfjV | [error] | URL : http://doodlebluelive.com:2122/api/v1/user/forgetPassword/reset | Request : {} | Error : Bad Request
22/3/2022 16:23 | /responses.js(139) | ud9Jw1HNZdK9XzcuMXghP1hFEy5PPDQK | [error] | URL : http://doodlebluelive.com:2122/api/v1/user/forgetPassword/reset | Request : {} | Error : Bad Request
22/3/2022 16:23 | /responses.js(139) | VCXfO0NSKMgk8KpOo22Ls6hGA2YOME87 | [error] | URL : http://doodlebluelive.com:2122/api/v1/user/forgetPassword/reset | Request : {} | Error : Bad Request
