30/5/2022 11:24 | /responses.js(137) | ltqH2Nph1fvxRfVSksj8oqUdXpaA1cc4 | [error] | URL : http://doodlebluelive.com:2122/api/v1/branch/createBranch | Request : {} | Error : Bad Request
30/5/2022 11:24 | /responses.js(137) | dN0EChOQ9OFrvlQoOZYt5CHJu4rJiuUe | [error] | URL : http://doodlebluelive.com:2122/api/v1/branch/createBranch | Request : {} | Error : Bad Request
30/5/2022 11:25 | /responses.js(137) | 5g8NQQ2xT4g5SJk5WPMa4aDLL9bfBGIc | [error] | URL : http://doodlebluelive.com:2122/api/v1/branch/createBranch | Request : {} | Error : Bad Request
30/5/2022 11:25 | /responses.js(137) | KOLAqEDKAx8hHWjpeWZpaIK3KTbqOKEd | [error] | URL : http://doodlebluelive.com:2122/api/v1/branch/createBranch | Request : {} | Error : Bad Request
30/5/2022 11:25 | /responses.js(137) | bAr0as7jUJ4JyVYtXPko0V1BHA69xUlD | [error] | URL : http://doodlebluelive.com:2122/api/v1/branch/createBranch | Request : {} | Error : Bad Request
30/5/2022 11:25 | /responses.js(137) | eVanvkOwihJCJn2dOZX93e8ulr002riV | [error] | URL : http://doodlebluelive.com:2122/api/v1/branch/createBranch | Request : {} | Error : Bad Request
30/5/2022 11:25 | /responses.js(137) | MAG0zbhIlFPnAdJNfxGG756vX747dw9c | [error] | URL : http://doodlebluelive.com:2122/api/v1/branch/createBranch | Request : {} | Error : Bad Request
30/5/2022 11:25 | /responses.js(137) | EmTs2sPqMVoPJDoTvfHAfY87c122ilNw | [error] | URL : http://doodlebluelive.com:2122/api/v1/branch/createBranch | Request : {} | Error : Bad Request
30/5/2022 11:29 | /responses.js(137) | CiTdg8x1bKWgXU9CEpKg7dO3jvO3lsRe | [error] | URL : http://doodlebluelive.com:2122/api/v1/branch/createBranch | Request : {} | Error : Bad Request
30/5/2022 11:29 | /responses.js(137) | QYOa3i6geJ7chLRhNwtsQdfyzgkE7ZFg | [error] | URL : http://doodlebluelive.com:2122/api/v1/branch/createBranch | Request : {} | Error : Bad Request
30/5/2022 11:29 | /responses.js(137) | BdPFKJ5aSL4L9ibDSxnXs8BBLruNqCGC | [error] | URL : http://doodlebluelive.com:2122/api/v1/branch/createBranch | Request : {} | Error : Bad Request
30/5/2022 11:30 | /responses.js(137) | OGshWpztw0FRErIHd81czR4LtGJHL8X7 | [error] | URL : http://doodlebluelive.com:2122/api/v1/branch/createBranch | Request : {} | Error : Bad Request
30/5/2022 11:30 | /responses.js(137) | P54aEQw03SbJE0wqzyMyHpk94wOaCj66 | [error] | URL : http://doodlebluelive.com:2122/api/v1/branch/createBranch | Request : {} | Error : Bad Request
30/5/2022 11:31 | /responses.js(137) | 0EXTXifmancaga1DgdNphSaYu1pfvLOW | [error] | URL : http://doodlebluelive.com:2122/api/v1/branch/createBranch | Request : {} | Error : Bad Request
30/5/2022 11:31 | /responses.js(137) | 5bqifNpQhGAyaq87aYWxXwEbNQm7KOD4 | [error] | URL : http://doodlebluelive.com:2122/api/v1/branch/createBranch | Request : {} | Error : Bad Request
30/5/2022 11:31 | /responses.js(137) | G2PndOHeoxecaZ7QOqoCkjOcUo1oGIb9 | [error] | URL : http://doodlebluelive.com:2122/api/v1/branch/createBranch | Request : {} | Error : Bad Request
30/5/2022 11:52 | /responses.js(137) | 65gFafHzwzyQ568nU4Tts3flutHILC6Q | [error] | URL : http://doodlebluelive.com:2122/api/v1/application/editApplication?id=6287924ee38762de9ae5d06d | Request : {} | Error : Bad Request
30/5/2022 13:11 | /responses.js(137) | 7eF6wpKxRLUOzaIqEVSI1mUoFtemo8DJ | [error] | URL : http://doodlebluelive.com:2122/api/v1/branch/createBranch | Request : {} | Error : Bad Request
30/5/2022 13:11 | /responses.js(137) | X3Ab3wxrOOMZAnGCrA3Nz7Ei5vp9J9di | [error] | URL : http://doodlebluelive.com:2122/api/v1/branch/createBranch | Request : {} | Error : Bad Request
30/5/2022 13:12 | /responses.js(137) | L4Mes6oQWAv1IxwF0G0XWF3Xlmss1d3Z | [error] | URL : http://doodlebluelive.com:2122/api/v1/branch/createBranch | Request : {} | Error : Bad Request
30/5/2022 13:12 | /responses.js(137) | jrOSxC4Pep1AfS2y1jiEM2bqrfdFRRr9 | [error] | URL : http://doodlebluelive.com:2122/api/v1/branch/createBranch | Request : {} | Error : Bad Request
30/5/2022 13:16 | /responses.js(137) | SjTCHdfVwuUw6bKsul5GZmXaqD5wGniY | [error] | URL : http://doodlebluelive.com:2122/api/v1/roles/addRole | Request : {} | Error : Bad Request
30/5/2022 13:16 | /responses.js(137) | PYh09KYXBnM4oUXPtAjIInyEgFQH4KqV | [error] | URL : http://doodlebluelive.com:2122/api/v1/roles/addRole | Request : {} | Error : Bad Request
30/5/2022 13:18 | /responses.js(137) | JXwsdop4t5ZbXVy6VwwSQsbiqyasiwy9 | [error] | URL : http://doodlebluelive.com:2122/api/v1/roles/addRole | Request : {} | Error : Bad Request
30/5/2022 13:19 | /responses.js(137) | 9uTrwexZ7zhtfiU3dFCeDBFsn3zPKeYZ | [error] | URL : http://doodlebluelive.com:2122/api/v1/roles/addRole | Request : {} | Error : Bad Request
30/5/2022 13:19 | /responses.js(137) | AvCQCA00aWaQQINkhbp856hhAzi8NdbO | [error] | URL : http://doodlebluelive.com:2122/api/v1/roles/addRole | Request : {} | Error : Bad Request
30/5/2022 13:20 | /responses.js(137) | DFjFqlwBq5eHap1R3rBrsBJnImhxNUnv | [error] | URL : http://doodlebluelive.com:2122/api/v1/branch/createBranch | Request : {} | Error : Bad Request
30/5/2022 13:20 | /responses.js(137) | dkUTjjj6a8xUZ1xEWvsu8IQD6II14TPC | [error] | URL : http://doodlebluelive.com:2122/api/v1/branch/createBranch | Request : {} | Error : Bad Request
30/5/2022 13:23 | /responses.js(137) | mOxpoXznoHmLbEnpXilIla7KH4QFoO4b | [error] | URL : http://doodlebluelive.com:2122/api/v1/roles/addRole | Request : {} | Error : Bad Request
30/5/2022 13:23 | /responses.js(137) | ANSXxFDNRLxTw1sRa0MnVRH9Z9Uze63a | [error] | URL : http://doodlebluelive.com:2122/api/v1/roles/addRole | Request : {} | Error : Bad Request
30/5/2022 13:23 | /responses.js(137) | 8YwH7hnrc6Q0kIXUDLGRD607j5QznhxV | [error] | URL : http://doodlebluelive.com:2122/api/v1/roles/addRole | Request : {} | Error : Bad Request
30/5/2022 13:23 | /responses.js(137) | XSUaKX6kk6CIDKoB9Zb2ldvj1HpgFPBG | [error] | URL : http://doodlebluelive.com:2122/api/v1/roles/addRole | Request : {} | Error : Bad Request
30/5/2022 13:24 | /responses.js(137) | 0cYcq3yKno9tSk6eohrUM9YkX3NmScqX | [error] | URL : http://doodlebluelive.com:2122/api/v1/roles/addRole | Request : {} | Error : Bad Request
30/5/2022 13:24 | /responses.js(137) | ZGEdLnxTbqnAGZX6PfVfyGGhKTEVfFwU | [error] | URL : http://doodlebluelive.com:2122/api/v1/roles/addRole | Request : {} | Error : Bad Request
30/5/2022 13:24 | /responses.js(137) | 46ftEkJgotOkkt4DaUkPoHdDyutvngLW | [error] | URL : http://doodlebluelive.com:2122/api/v1/roles/addRole | Request : {} | Error : Bad Request
