25/3/2022 5:07 | /responses.js(137) | 0UWHv7mjS4MMHoX579bvSAnNrwXRDllk | [error] | URL : http://doodlebluelive.com:2122/api/v1/user/createAdmin | Request : {} | Error : Bad Request
25/3/2022 5:33 | /responses.js(137) | Ub84E6EmIHMbJ9J0g7Rbwxu3b103X9zw | [error] | URL : http://doodlebluelive.com:2122/api/v1/land/createLand | Request : {} | Error : Bad Request
25/3/2022 5:35 | /responses.js(137) | BMR0FeoSuhzrEJABHu6fHwmEzFYbOZqF | [error] | URL : http://doodlebluelive.com:2122/api/v1/land/createLand | Request : {} | Error : Bad Request
25/3/2022 5:35 | /responses.js(137) | aGKyZFzR4h3RuEIzCzuGR1vB6jNfLqVb | [error] | URL : http://doodlebluelive.com:2122/api/v1/land/createLand | Request : {} | Error : Bad Request
25/3/2022 5:35 | /responses.js(137) | u7E7OesXeIkd0lC8hfJIOh4bo0aKxeHI | [error] | URL : http://doodlebluelive.com:2122/api/v1/land/createLand | Request : {} | Error : Bad Request
25/3/2022 5:36 | /responses.js(137) | EuEOLw95uhSiCT2yHhtXYJ3RMBWUsytQ | [error] | URL : http://doodlebluelive.com:2122/api/v1/land/createLand | Request : {} | Error : Bad Request
25/3/2022 5:36 | /responses.js(137) | XqGDe2dnLgZG7UZVni2t3JBqCTGRAFwC | [error] | URL : http://doodlebluelive.com:2122/api/v1/land/createLand | Request : {} | Error : Bad Request
25/3/2022 5:36 | /responses.js(137) | T9uvvQOgj8kAKuKeyRNFryPiTlQjKrMR | [error] | URL : http://doodlebluelive.com:2122/api/v1/land/createLand | Request : {} | Error : Bad Request
25/3/2022 5:38 | /responses.js(137) | tBRUD5MwNqk0IqppB4hjldCX19xvg8zZ | [error] | URL : http://doodlebluelive.com:2122/api/v1/land/createLand | Request : {} | Error : Bad Request
25/3/2022 6:35 | /responses.js(137) | SRzjWjbVkP20dCjMzBCKDyFwq0tNzFBX | [error] | URL : http://doodlebluelive.com:2122/api/v1/user/createAdmin | Request : {} | Error : Bad Request
25/3/2022 6:38 | /responses.js(137) | bTjizORbPlLMRDGx5jZdl8wLtxg5B8M2 | [error] | URL : http://doodlebluelive.com:2122/api/v1/user/createAdmin | Request : {} | Error : Bad Request
25/3/2022 6:38 | /responses.js(137) | v9ujlaoaOo7DqEGCdCjEaSyriP074Ytk | [error] | URL : http://doodlebluelive.com:2122/api/v1/user/createAdmin | Request : {} | Error : Bad Request
25/3/2022 10:01 | /responses.js(137) | NzD9eFOdW5BBNi4sm1ioMMEr50iFF60V | [error] | URL : http://doodlebluelive.com:2122/api/v1/user/signup | Request : {} | Error : Bad Request
25/3/2022 10:01 | /responses.js(137) | px9CLh2qjP25GXn0XISHI0TBvRxJoXrI | [error] | URL : http://doodlebluelive.com:2122/api/v1/user/signup | Request : {} | Error : Bad Request
25/3/2022 10:01 | /responses.js(137) | B19Lgr02syp6x7TMR8mY48lWTjj8FACy | [error] | URL : http://doodlebluelive.com:2122/api/v1/user/signup | Request : {} | Error : Bad Request
25/3/2022 10:01 | /responses.js(137) | AIMqP3yGNOA7xBZLebxsA3gn3rVeepoZ | [error] | URL : http://doodlebluelive.com:2122/api/v1/user/signup | Request : {} | Error : Bad Request
25/3/2022 10:01 | /responses.js(137) | xGOOk3IGJE0hLLD9ED3XoU3hm9HFqlW4 | [error] | URL : http://doodlebluelive.com:2122/api/v1/user/signup | Request : {} | Error : Bad Request
25/3/2022 10:01 | /responses.js(137) | pk0ojsBTAPf9hldJ5VeJcNHbmdE8DDNa | [error] | URL : http://doodlebluelive.com:2122/api/v1/user/signup | Request : {} | Error : Bad Request
25/3/2022 10:01 | /responses.js(137) | Vlz34F5c994sT8Srv9baz70TR6DZbwHt | [error] | URL : http://doodlebluelive.com:2122/api/v1/user/signup | Request : {} | Error : Bad Request
25/3/2022 12:41 | /responses.js(137) | VTKVT5RT8w12ZoIZXsQFRGvHPiPNye01 | [error] | URL : http://doodlebluelive.com:2122/api/v1/user/completeForm | Request : {} | Error : Bad Request
25/3/2022 12:43 | /responses.js(137) | enjgRLaYVuKLir7vT1mN6YjrjdMhkEWB | [error] | URL : http://doodlebluelive.com:2122/api/v1/user/completeForm | Request : {} | Error : Bad Request
25/3/2022 12:44 | /errorHandler.js(7) | Sp7ShbKOAx0Remt6VWd6EEJsJOztJfyZ | [error] | IP - ::ffff:27.62.2.219 | URL : http://doodlebluelive.com:2122/api/v1/user/bulk | POST | Request : {} | Error : Can't find end of central directory : is this a zip file ? If it is, see https://stuk.github.io/jszip/documentation/howto/read_zip.html
25/3/2022 12:44 | /responses.js(137) | 8u7ExL7kpF41KfhMgD7OYXxgKKTeSTGb | [error] | URL : http://doodlebluelive.com:2122/api/v1/user/createAdmin | Request : {} | Error : Bad Request
25/3/2022 12:45 | /responses.js(137) | yfNKaUGeYCfj4Ow4jSMzMzpHzgv7R2Lj | [error] | URL : http://doodlebluelive.com:2122/api/v1/user/createAdmin | Request : {} | Error : Bad Request
25/3/2022 12:46 | /responses.js(137) | 8zc7KmmGawG8FD1o37eEQN88NnkPJHUt | [error] | URL : http://doodlebluelive.com:2122/api/v1/roles/addRole | Request : {} | Error : Bad Request
25/3/2022 12:47 | /responses.js(137) | n2x9wne8oVI7NXfUmmImL32zDNt9fg2X | [error] | URL : http://doodlebluelive.com:2122/api/v1/user/createAdmin | Request : {} | Error : Bad Request
25/3/2022 12:48 | /responses.js(137) | 280ODMiUDPAVQFaPJ2gnrrk1Js8XQ4MA | [error] | URL : http://doodlebluelive.com:2122/api/v1/land/createLand | Request : {} | Error : Bad Request
25/3/2022 12:48 | /responses.js(137) | Yrew4FIgAU4lavSCQiFwVUaA8CxkaYGA | [error] | URL : http://doodlebluelive.com:2122/api/v1/land/createLand | Request : {} | Error : Bad Request
25/3/2022 12:48 | /responses.js(137) | 8PsRapYixW4FrFzx5RQJiuexRMWjq4l3 | [error] | URL : http://doodlebluelive.com:2122/api/v1/land/createLand | Request : {} | Error : Bad Request
25/3/2022 12:48 | /responses.js(137) | QBAz5Ay9aKgdtVrKEPXVkZcIqOe1ap5V | [error] | URL : http://doodlebluelive.com:2122/api/v1/land/createLand | Request : {} | Error : Bad Request
25/3/2022 12:48 | /responses.js(137) | kpOCiSzI6d0Ey40tMZDq3iLaC66HH5HL | [error] | URL : http://doodlebluelive.com:2122/api/v1/land/createLand | Request : {} | Error : Bad Request
25/3/2022 12:50 | /errorHandler.js(7) | 3cU1hofeNVkASMiP2NcbGGDtPc834XHJ | [error] | IP - ::ffff:27.62.2.219 | URL : http://doodlebluelive.com:2122/api/v1/land/bulk | POST | Request : {} | Error : Can't find end of central directory : is this a zip file ? If it is, see https://stuk.github.io/jszip/documentation/howto/read_zip.html
25/3/2022 13:20 | /responses.js(137) | 3pxrexm1CWfDoc1fLGgbLRHVqeHyJSMG | [error] | URL : http://doodlebluelive.com:2122/api/v1/user/createAdmin | Request : {} | Error : Bad Request
25/3/2022 13:26 | /responses.js(137) | jAJBO33v6CCHpjCAZ6o038T0Iw24xFvp | [error] | URL : http://doodlebluelive.com:2122/api/v1/user/createAdmin | Request : {} | Error : Bad Request
25/3/2022 13:26 | /responses.js(137) | Gp29ZsNVMa1tQsuHG5tpDIZIWTgUHf2O | [error] | URL : http://doodlebluelive.com:2122/api/v1/user/createAdmin | Request : {} | Error : Bad Request
25/3/2022 13:26 | /responses.js(137) | wMd1464cztbwNxGeHK6f7AijU1tMq5aH | [error] | URL : http://doodlebluelive.com:2122/api/v1/user/createAdmin | Request : {} | Error : Bad Request
25/3/2022 13:28 | /responses.js(137) | lgHu4wB7fcBF3RKmbhU4brWS3qxo6Wy4 | [error] | URL : http://doodlebluelive.com:2122/api/v1/land/createLand | Request : {} | Error : Bad Request
25/3/2022 13:38 | /responses.js(137) | 98alrePm7Ce198R6g7u8WAgTYd7sp6th | [error] | URL : http://doodlebluelive.com:2122/api/v1/land/createLand | Request : {} | Error : Bad Request
25/3/2022 13:38 | /responses.js(137) | 8LF4pdxM1GQXnURFlkbvp4j8JSr35lnR | [error] | URL : http://doodlebluelive.com:2122/api/v1/land/createLand | Request : {} | Error : Bad Request
25/3/2022 13:39 | /responses.js(137) | I2lJSyqF9SxPditPfHJexxjZLvbJrseg | [error] | URL : http://doodlebluelive.com:2122/api/v1/land/createLand | Request : {} | Error : Bad Request
25/3/2022 13:39 | /responses.js(137) | TO6IPVjy0PeeaACtWa3Nx7zFxAXmPmOD | [error] | URL : http://doodlebluelive.com:2122/api/v1/land/createLand | Request : {} | Error : Bad Request
25/3/2022 13:39 | /responses.js(137) | 1kuvpYNzIvIec7zIQDtGpghjbmAkqCcq | [error] | URL : http://doodlebluelive.com:2122/api/v1/land/createLand | Request : {} | Error : Bad Request
25/3/2022 13:39 | /responses.js(137) | LBnh4IBzB3YwG6dn9hVsIbCU0wW2cO4e | [error] | URL : http://doodlebluelive.com:2122/api/v1/land/createLand | Request : {} | Error : Bad Request
25/3/2022 13:39 | /responses.js(137) | NZvauCb6iSwgZ0N7fEfrhgd8Hd8wSFxS | [error] | URL : http://doodlebluelive.com:2122/api/v1/land/createLand | Request : {} | Error : Bad Request
25/3/2022 13:39 | /responses.js(137) | 9Db2PUhUeLjlezX1CBuacHh8MqtEdW5Q | [error] | URL : http://doodlebluelive.com:2122/api/v1/land/createLand | Request : {} | Error : Bad Request
25/3/2022 13:39 | /responses.js(137) | mzOC95HuHchccG6wNLf9IogmFMhxwh8m | [error] | URL : http://doodlebluelive.com:2122/api/v1/land/createLand | Request : {} | Error : Bad Request
25/3/2022 13:39 | /responses.js(137) | bRe4I0hqNs2nd7FjH0FWujVMtR54rf9b | [error] | URL : http://doodlebluelive.com:2122/api/v1/land/createLand | Request : {} | Error : Bad Request
25/3/2022 13:40 | /errorHandler.js(7) | qvMvoUs12szkjKicafdLTLCxRfjBW2fR | [error] | IP - ::ffff:117.241.213.120 | URL : http://doodlebluelive.com:2122/api/v1/land/bulk | POST | Request : {} | Error : Can't find end of central directory : is this a zip file ? If it is, see https://stuk.github.io/jszip/documentation/howto/read_zip.html
