12/4/2022 5:19 | /responses.js(137) | HQRvSQ8ivrk031HMLDcI0aIdr6DJkkq1 | [error] | URL : http://doodlebluelive.com:2122/api/v1/user/signup | Request : {} | Error : Bad Request
12/4/2022 5:19 | /responses.js(137) | x9Y5ScBTGqaUtheWN9sbgTLgHjGLZ79K | [error] | URL : http://doodlebluelive.com:2122/api/v1/user/signup | Request : {} | Error : Bad Request
12/4/2022 5:19 | /responses.js(137) | DMcOrGlA5TVdHEH6BRFZ1LjCXbgs4cW7 | [error] | URL : http://doodlebluelive.com:2122/api/v1/user/signup | Request : {} | Error : Bad Request
12/4/2022 5:20 | /responses.js(137) | c2yrE4ZFACIiZ9zEdLUVFLwM1qKlZObp | [error] | URL : http://doodlebluelive.com:2122/api/v1/user/signup | Request : {} | Error : Bad Request
12/4/2022 5:21 | /responses.js(137) | BsAxlSfaxo7jEiiju6y9QfDNiYvE6IYV | [error] | URL : http://doodlebluelive.com:2122/api/v1/user/signup | Request : {} | Error : Bad Request
12/4/2022 5:25 | /responses.js(137) | ZC7stMRPdu1m8sWn1fMg3UhE5uCbFzkK | [error] | URL : http://doodlebluelive.com:2122/api/v1/user/forgetPassword | Request : {} | Error : Bad Request
12/4/2022 5:51 | /responses.js(137) | 4cNfTDzGGPpt8FldfhiEoLIdSlprwzRe | [error] | URL : http://doodlebluelive.com:2122/api/v1/user/editAdmin?id=62541fd346a7e7e7ff54e740 | Request : {} | Error : Bad Request
12/4/2022 5:51 | /responses.js(137) | e7T9OXh2Rn1iQPhwpnCgCclkD8ddZrYl | [error] | URL : http://doodlebluelive.com:2122/api/v1/user/editAdmin?id=62541fd346a7e7e7ff54e740 | Request : {} | Error : Bad Request
12/4/2022 5:51 | /responses.js(137) | 2hZVbBZoFny05IRLDyL44LQRQRbBarT2 | [error] | URL : http://doodlebluelive.com:2122/api/v1/user/editAdmin?id=62541fd346a7e7e7ff54e740 | Request : {} | Error : Bad Request
12/4/2022 5:51 | /responses.js(137) | iJBFSgOfmqWFViRJMai2buCDbXBl3FCy | [error] | URL : http://doodlebluelive.com:2122/api/v1/user/editAdmin?id=62541fd346a7e7e7ff54e740 | Request : {} | Error : Bad Request
12/4/2022 5:51 | /responses.js(137) | sKoVHO8wMGE0DWzAgU0bSAx3G2kcRjux | [error] | URL : http://doodlebluelive.com:2122/api/v1/user/editAdmin?id=62541fd346a7e7e7ff54e740 | Request : {} | Error : Bad Request
12/4/2022 5:51 | /responses.js(137) | Sn4NabhCL6c2RCQ42EjSdDp01cAXawYh | [error] | URL : http://doodlebluelive.com:2122/api/v1/user/editAdmin?id=62541fd346a7e7e7ff54e740 | Request : {} | Error : Bad Request
12/4/2022 5:51 | /responses.js(137) | ihKxN57Emsylx6MK8AVmGWD5VK57eykL | [error] | URL : http://doodlebluelive.com:2122/api/v1/user/editAdmin?id=62541fd346a7e7e7ff54e740 | Request : {} | Error : Bad Request
12/4/2022 5:51 | /responses.js(137) | 7o0uGREVNGH7szrt4kZJBYvl9pu7vcVM | [error] | URL : http://doodlebluelive.com:2122/api/v1/user/editAdmin?id=62541fd346a7e7e7ff54e740 | Request : {} | Error : Bad Request
12/4/2022 5:51 | /responses.js(137) | w5NFevh0a5eWWrVnsEPTIHGtCJHLT3pC | [error] | URL : http://doodlebluelive.com:2122/api/v1/user/editAdmin?id=62541fd346a7e7e7ff54e740 | Request : {} | Error : Bad Request
12/4/2022 5:51 | /responses.js(137) | x4fuYryp5xhEOmOkwBJDjyjjq1KfWeQb | [error] | URL : http://doodlebluelive.com:2122/api/v1/user/editAdmin?id=62541fd346a7e7e7ff54e740 | Request : {} | Error : Bad Request
12/4/2022 5:51 | /responses.js(137) | vBra8jhmk4coAvO3WFunvBYE35iRR1DP | [error] | URL : http://doodlebluelive.com:2122/api/v1/user/editAdmin?id=62541fd346a7e7e7ff54e740 | Request : {} | Error : Bad Request
12/4/2022 5:51 | /responses.js(137) | V00Ba4yZsEcZeQ98NbCxCVieUXfkxQ3O | [error] | URL : http://doodlebluelive.com:2122/api/v1/user/editAdmin?id=62541fd346a7e7e7ff54e740 | Request : {} | Error : Bad Request
12/4/2022 5:51 | /responses.js(137) | y2SxbTlhtIfYbxbo4CkFR6hc1IPLmQMI | [error] | URL : http://doodlebluelive.com:2122/api/v1/user/editAdmin?id=62541fd346a7e7e7ff54e740 | Request : {} | Error : Bad Request
12/4/2022 5:51 | /responses.js(137) | 4ZjlErqcVywDcEf18cKGg3H18A6s4AxA | [error] | URL : http://doodlebluelive.com:2122/api/v1/user/editAdmin?id=62541fd346a7e7e7ff54e740 | Request : {} | Error : Bad Request
12/4/2022 5:51 | /responses.js(137) | 9DJg2cYDkGEey9AMLV5HwfHvOV8s8dVA | [error] | URL : http://doodlebluelive.com:2122/api/v1/user/editAdmin?id=62541fd346a7e7e7ff54e740 | Request : {} | Error : Bad Request
12/4/2022 5:51 | /responses.js(137) | 3T71jFQmYXOgoEOtmAwYKzQe1nuraHAD | [error] | URL : http://doodlebluelive.com:2122/api/v1/user/editAdmin?id=62541fd346a7e7e7ff54e740 | Request : {} | Error : Bad Request
12/4/2022 5:51 | /responses.js(137) | QTGWsPOQHEfGGV8eb2IkRyAMVw4ekOPD | [error] | URL : http://doodlebluelive.com:2122/api/v1/user/editAdmin?id=62541fd346a7e7e7ff54e740 | Request : {} | Error : Bad Request
12/4/2022 5:52 | /responses.js(137) | QwHEY3a1EQMs52spmyYQGLVwRz1iISbc | [error] | URL : http://doodlebluelive.com:2122/api/v1/user/editAdmin?id=62541fd346a7e7e7ff54e740 | Request : {} | Error : Bad Request
12/4/2022 5:52 | /responses.js(137) | xg5uSNv3ZDAiiWCSCtICnwBhQ3cZOWDA | [error] | URL : http://doodlebluelive.com:2122/api/v1/user/editAdmin?id=62541fd346a7e7e7ff54e740 | Request : {} | Error : Bad Request
12/4/2022 5:53 | /responses.js(137) | cQrBnjrsOpzRWY6ZyjSf3a5nkdaFBEr1 | [error] | URL : http://doodlebluelive.com:2122/api/v1/user/editAdmin?id=62541fd346a7e7e7ff54e740 | Request : {} | Error : Bad Request
12/4/2022 5:53 | /responses.js(137) | gqyRFkBoDUolzc3vAH44j3AYqL95FMlS | [error] | URL : http://doodlebluelive.com:2122/api/v1/user/editAdmin?id=62541fd346a7e7e7ff54e740 | Request : {} | Error : Bad Request
12/4/2022 5:53 | /responses.js(137) | a7gjtfMRc4EPwnda4usmTAJpe226yHGe | [error] | URL : http://doodlebluelive.com:2122/api/v1/user/editAdmin?id=62541fd346a7e7e7ff54e740 | Request : {} | Error : Bad Request
12/4/2022 5:53 | /responses.js(137) | OXJ9dk4B91IVcopAoHEXNpliL1bLKpvC | [error] | URL : http://doodlebluelive.com:2122/api/v1/user/editAdmin?id=62541fd346a7e7e7ff54e740 | Request : {} | Error : Bad Request
12/4/2022 5:53 | /responses.js(137) | Np0zV3nxKbDa1Y2foHzZd12FXJgzqwEh | [error] | URL : http://doodlebluelive.com:2122/api/v1/user/editAdmin?id=62541fd346a7e7e7ff54e740 | Request : {} | Error : Bad Request
12/4/2022 5:53 | /responses.js(137) | 541E0ucgIICHFX5liJC4iNKxZgigBapc | [error] | URL : http://doodlebluelive.com:2122/api/v1/user/editAdmin?id=62541fd346a7e7e7ff54e740 | Request : {} | Error : Bad Request
12/4/2022 5:53 | /responses.js(137) | yduWNqLfLqKSw4hLJ4ORuSo3uWLAb0xT | [error] | URL : http://doodlebluelive.com:2122/api/v1/user/editAdmin?id=62541fd346a7e7e7ff54e740 | Request : {} | Error : Bad Request
12/4/2022 5:53 | /responses.js(137) | PIKRXrlpgCkuNFAX90Q7qnkW71XePXyP | [error] | URL : http://doodlebluelive.com:2122/api/v1/user/editAdmin?id=62541fd346a7e7e7ff54e740 | Request : {} | Error : Bad Request
12/4/2022 5:53 | /responses.js(137) | eu6C7qPt79vPAyApHlwEW3RJDVy8gnQs | [error] | URL : http://doodlebluelive.com:2122/api/v1/user/editAdmin?id=62541fd346a7e7e7ff54e740 | Request : {} | Error : Bad Request
12/4/2022 5:53 | /responses.js(137) | JPOmSt5BtbzN4MklZHj6BEPpAn9ihgBb | [error] | URL : http://doodlebluelive.com:2122/api/v1/user/editAdmin?id=62541fd346a7e7e7ff54e740 | Request : {} | Error : Bad Request
12/4/2022 7:27 | /responses.js(137) | l8tLiOhMKMUmFrHroVrSqoGBfnSwd6bw | [error] | URL : http://doodlebluelive.com:2122/api/v1/user/editAdmin?id=62541fd346a7e7e7ff54e740 | Request : {} | Error : Bad Request
12/4/2022 7:27 | /responses.js(137) | iC2uoZipxcPLO1A6yxDQYttixGPiRSwq | [error] | URL : http://doodlebluelive.com:2122/api/v1/user/editAdmin?id=62541fd346a7e7e7ff54e740 | Request : {} | Error : Bad Request
12/4/2022 7:27 | /responses.js(137) | c8ttdzAcN4ovq7IqhgjPXCBCHkNaUzLP | [error] | URL : http://doodlebluelive.com:2122/api/v1/user/editAdmin?id=62541fd346a7e7e7ff54e740 | Request : {} | Error : Bad Request
12/4/2022 7:27 | /responses.js(137) | lZZvbXrvHePKYOy4hNEMA4KsgQR9jPPu | [error] | URL : http://doodlebluelive.com:2122/api/v1/user/editAdmin?id=62541fd346a7e7e7ff54e740 | Request : {} | Error : Bad Request
12/4/2022 8:07 | /responses.js(137) | MSrRtezrHEmrkZ7g4aQXhpCBUJqqzE0t | [error] | URL : http://doodlebluelive.com:2122/api/v1/user/editAdmin?id=62541fd346a7e7e7ff54e740 | Request : {} | Error : Bad Request
12/4/2022 8:24 | /responses.js(137) | gMQMac2Zb3dM77ugwKvDbx5kTmoDSafj | [error] | URL : http://doodlebluelive.com:2122/api/v1/user/editAdmin?id=6253c45e6869d8d93b39c381 | Request : {} | Error : Bad Request
12/4/2022 8:24 | /responses.js(137) | IjkcwebnB7qzBjIRrd2k8dYmPcOVlBdh | [error] | URL : http://doodlebluelive.com:2122/api/v1/user/editAdmin?id=6235ab5c78b7bf9e82cbced8 | Request : {} | Error : Bad Request
12/4/2022 8:25 | /responses.js(137) | fXcO3Qgz2cABKvnB0lgrXdBGXAPgRu29 | [error] | URL : http://doodlebluelive.com:2122/api/v1/user/editAdmin?id=6235ab5c78b7bf9e82cbced8 | Request : {} | Error : Bad Request
12/4/2022 8:26 | /responses.js(137) | zgteXjj8A7NwzOgSVIKyxCtBRHliJa1H | [error] | URL : http://doodlebluelive.com:2122/api/v1/user/editAdmin?id=6235ab5c78b7bf9e82cbced8 | Request : {} | Error : Bad Request
12/4/2022 8:32 | /responses.js(137) | cf07eo1kdfq1kZ0ygwUqFDcAKiCks2UC | [error] | URL : http://doodlebluelive.com:2122/api/v1/user/editAdmin?id=62541fd346a7e7e7ff54e740 | Request : {} | Error : Bad Request
12/4/2022 9:31 | /responses.js(137) | AqE9pJEPbdFkamY3C51tHo06yv4PQB0q | [error] | URL : http://doodlebluelive.com:2122/api/v1/user/editAdmin?id=62541fd346a7e7e7ff54e740 | Request : {} | Error : Bad Request
12/4/2022 9:31 | /responses.js(137) | mNzMnRAe77JvqFr1tehyzxqCVtoYk8Ld | [error] | URL : http://doodlebluelive.com:2122/api/v1/user/editAdmin?id=62541fd346a7e7e7ff54e740 | Request : {} | Error : Bad Request
12/4/2022 9:31 | /responses.js(137) | Yb1XZL1JboG37XdXiQpAiRxftqc25l2z | [error] | URL : http://doodlebluelive.com:2122/api/v1/user/editAdmin?id=62541fd346a7e7e7ff54e740 | Request : {} | Error : Bad Request
12/4/2022 9:32 | /responses.js(137) | W9vO0JDlmk0Q3GQ365xHHK9nxAEZjSkH | [error] | URL : http://doodlebluelive.com:2122/api/v1/user/editAdmin?id=62541fd346a7e7e7ff54e740 | Request : {} | Error : Bad Request
12/4/2022 9:32 | /responses.js(137) | BC48hWPwofgBBoSwL9QUHRlPulK6ig76 | [error] | URL : http://doodlebluelive.com:2122/api/v1/user/editAdmin?id=62541fd346a7e7e7ff54e740 | Request : {} | Error : Bad Request
12/4/2022 9:32 | /responses.js(137) | DyicKCATSfuO15mvLIRT3moY5rHoMuPW | [error] | URL : http://doodlebluelive.com:2122/api/v1/user/editAdmin?id=62541fd346a7e7e7ff54e740 | Request : {} | Error : Bad Request
