22/4/2022 4:00 | /responses.js(137) | EfIcuSHjDlobZOLK1IM4Q3HEpkLNaE54 | [error] | URL : http://doodlebluelive.com:2122/api/v1/user/editProfile?id=62611ce40e7f7e2b01b5b538 | Request : {} | Error : Bad Request
22/4/2022 4:00 | /responses.js(137) | IbUvXVLaKKRxzPq2lLmOa2fQMRoMZwQp | [error] | URL : http://doodlebluelive.com:2122/api/v1/user/editProfile?id=62611ce40e7f7e2b01b5b538 | Request : {} | Error : Bad Request
22/4/2022 4:20 | /responses.js(137) | 79cp7vo0RZLXGoUPI6opedpCxzbQbZSw | [error] | URL : http://doodlebluelive.com:2122/api/v1/user/signIn | Request : {} | Error : Bad Request
22/4/2022 4:51 | /responses.js(137) | kru2y1B6h4w3wx08Y56KluLzvHiiV8Wp | [error] | URL : http://doodlebluelive.com:2122/api/v1/user/signIn | Request : {} | Error : Bad Request
22/4/2022 4:51 | /responses.js(137) | 84YM9U8RMI0dPyzLfn1DyhZjKSXmC7Op | [error] | URL : http://doodlebluelive.com:2122/api/v1/user/signIn | Request : {} | Error : Bad Request
22/4/2022 5:27 | /responses.js(137) | 41rjavzfAIjH7iDXZNyApTxsraaBkSDO | [error] | URL : http://doodlebluelive.com:2122/api/v1/user/signIn | Request : {} | Error : Bad Request
22/4/2022 7:54 | /responses.js(137) | mg254gIkDB2Sn4sXNH8nhQGtmDJQPjEb | [error] | URL : http://doodlebluelive.com:2122/api/v1/user/signIn | Request : {} | Error : Bad Request
22/4/2022 10:27 | /responses.js(137) | WyHdLF2FENmY3Ow6SqcJd8Dr0y7p7LK7 | [error] | URL : http://doodlebluelive.com:2122/api/v1/user/createAdmin | Request : {} | Error : Bad Request
22/4/2022 10:28 | /responses.js(137) | b1crabXiVxoCEmZ4DBUe9pLf13BPWy95 | [error] | URL : http://doodlebluelive.com:2122/api/v1/roles/addRole | Request : {} | Error : Bad Request
22/4/2022 10:42 | /responses.js(137) | uIvpYdhjTiqVZg7mhrwMC8KKUUkx8b7B | [error] | URL : http://doodlebluelive.com:2122/api/v1/user/forgetPassword/reset | Request : {} | Error : Bad Request
22/4/2022 10:42 | /responses.js(137) | 9SfTilfWt2GHO9YFNt00Of17Bputaqth | [error] | URL : http://doodlebluelive.com:2122/api/v1/user/forgetPassword/reset | Request : {} | Error : Bad Request
22/4/2022 10:42 | /responses.js(137) | VX71Axj0urSKYtz9GnIb9Cn2YR0RVOkZ | [error] | URL : http://doodlebluelive.com:2122/api/v1/user/forgetPassword/reset | Request : {} | Error : Bad Request
22/4/2022 10:42 | /responses.js(137) | cPwaJquEiDvrngC4ZaHchxT1Yi9rqs5d | [error] | URL : http://doodlebluelive.com:2122/api/v1/user/forgetPassword/reset | Request : {} | Error : Bad Request
22/4/2022 10:50 | /responses.js(137) | 4bZ7Qa4HQ80Ubc6L3L7FPnmHi97JyZyt | [error] | URL : http://doodlebluelive.com:2122/api/v1/user/signIn | Request : {} | Error : Bad Request
22/4/2022 11:20 | /responses.js(137) | KiOlbHgoEmykXC8tnuKGsQ0psvuXSJJK | [error] | URL : http://doodlebluelive.com:2122/api/v1/application/createApplication | Request : {} | Error : Bad Request
22/4/2022 11:21 | /responses.js(137) | f9DjQtJ4R4iyHgNNZJzMnYGohGLCiEw3 | [error] | URL : http://doodlebluelive.com:2122/api/v1/application/createApplication | Request : {} | Error : Bad Request
22/4/2022 11:42 | /responses.js(137) | FsZPM9rqEaIPW8kJrVrUXKAPsS6jGA5G | [error] | URL : http://doodlebluelive.com:2122/api/v1/application/createApplication | Request : {} | Error : Bad Request
22/4/2022 11:42 | /responses.js(137) | rNaNLSWiTtZuSh66sIQDaxhobA0yuwwl | [error] | URL : http://doodlebluelive.com:2122/api/v1/application/createApplication | Request : {} | Error : Bad Request
22/4/2022 11:42 | /responses.js(137) | DGn0MBtXb7j09Szo5bbluImk0ulClbm7 | [error] | URL : http://doodlebluelive.com:2122/api/v1/application/createApplication | Request : {} | Error : Bad Request
22/4/2022 11:42 | /responses.js(137) | gfYGz3wnUSI5gXanDzPOH5p3uyD7WQcF | [error] | URL : http://doodlebluelive.com:2122/api/v1/application/createApplication | Request : {} | Error : Bad Request
22/4/2022 11:42 | /responses.js(137) | YpWCvqf6vqfuEnN57IhwNJc4YGR9fmbG | [error] | URL : http://doodlebluelive.com:2122/api/v1/application/createApplication | Request : {} | Error : Bad Request
22/4/2022 11:43 | /responses.js(137) | PKjg93BgUD1LlEyu2ww56gtIloGQubsX | [error] | URL : http://doodlebluelive.com:2122/api/v1/application/createApplication | Request : {} | Error : Bad Request
22/4/2022 11:43 | /responses.js(137) | ZhI9kV9PLwDUfY5Zca9EHHuNmJ434rvo | [error] | URL : http://doodlebluelive.com:2122/api/v1/application/createApplication | Request : {} | Error : Bad Request
22/4/2022 11:43 | /responses.js(137) | iYsTRyUYa3CDBL7Kch0WAJ9gbGki70oV | [error] | URL : http://doodlebluelive.com:2122/api/v1/application/createApplication | Request : {} | Error : Bad Request
22/4/2022 11:43 | /responses.js(137) | e6I5y5TYG07B0Rjykqr9qRTQCF7WCzz6 | [error] | URL : http://doodlebluelive.com:2122/api/v1/application/createApplication | Request : {} | Error : Bad Request
22/4/2022 11:43 | /responses.js(137) | jM1ZMQEF7Hk3ksBeiBAbnF70GZX8HW0F | [error] | URL : http://doodlebluelive.com:2122/api/v1/application/createApplication | Request : {} | Error : Bad Request
22/4/2022 11:43 | /responses.js(137) | t8qSMuouLBnnQU2Wz1wzMF7hNh4YzIY6 | [error] | URL : http://doodlebluelive.com:2122/api/v1/application/createApplication | Request : {} | Error : Bad Request
22/4/2022 11:43 | /responses.js(137) | hhtOUkUom00I5JUu2CDi6gkdU1ViqjBq | [error] | URL : http://doodlebluelive.com:2122/api/v1/application/createApplication | Request : {} | Error : Bad Request
22/4/2022 11:43 | /responses.js(137) | BWEYw7CBMrbAxXbEdeJyms3LQvPuyiDH | [error] | URL : http://doodlebluelive.com:2122/api/v1/application/createApplication | Request : {} | Error : Bad Request
22/4/2022 11:44 | /responses.js(137) | P6sMqU6uGGWofWvICsNf3AtkteSIx1AM | [error] | URL : http://doodlebluelive.com:2122/api/v1/application/createApplication | Request : {} | Error : Bad Request
