5/5/2022 9:49 | /responses.js(137) | Bvh5Dus6gqx5rSrbdJBMZDFxK3fIPtyo | [error] | URL : http://doodlebluelive.com:2122/api/v1/application/createApplication | Request : {} | Error : Bad Request
5/5/2022 9:50 | /responses.js(137) | Boh4wtSCXKxarDZvURataq7NGGGeedKr | [error] | URL : http://doodlebluelive.com:2122/api/v1/application/createApplication | Request : {} | Error : Bad Request
5/5/2022 9:50 | /responses.js(137) | Mlz09hPVUXuGE6Vin6HVrpYcct6mqSbT | [error] | URL : http://doodlebluelive.com:2122/api/v1/application/createApplication | Request : {} | Error : Bad Request
5/5/2022 9:51 | /responses.js(137) | LzIkY6U5o1A6XENWxpa4UII2CNtKnsyz | [error] | URL : http://doodlebluelive.com:2122/api/v1/application/createApplication | Request : {} | Error : Bad Request
5/5/2022 9:52 | /responses.js(137) | iBD52u1dL9aM8Zf1hMjbJjsSazcfJgjw | [error] | URL : http://doodlebluelive.com:2122/api/v1/application/createApplication | Request : {} | Error : Bad Request
5/5/2022 9:52 | /responses.js(137) | sF1GFvadu3CHfKEIfZlORVOM6vfpun68 | [error] | URL : http://doodlebluelive.com:2122/api/v1/application/createApplication | Request : {} | Error : Bad Request
5/5/2022 9:52 | /responses.js(137) | vmj1iBTvOO53ZIayR241Yk9smR41ddUn | [error] | URL : http://doodlebluelive.com:2122/api/v1/application/createApplication | Request : {} | Error : Bad Request
5/5/2022 9:53 | /responses.js(137) | NrQi7r36TuyiNnFhInOlFcWIDJ0PschD | [error] | URL : http://doodlebluelive.com:2122/api/v1/application/createApplication | Request : {} | Error : Bad Request
5/5/2022 9:53 | /responses.js(137) | WVtXqxD5CUgJbguhGJPCcFDFileqUChv | [error] | URL : http://doodlebluelive.com:2122/api/v1/application/createApplication | Request : {} | Error : Bad Request
5/5/2022 9:54 | /responses.js(137) | GNxxPD6WrTVQ5UtIJBxuFXzpvM7YqMn1 | [error] | URL : http://doodlebluelive.com:2122/api/v1/application/createApplication | Request : {} | Error : Bad Request
5/5/2022 9:54 | /responses.js(137) | 3g1BU8R4QtPKdfHRO2oX9Au72Qmi6lWq | [error] | URL : http://doodlebluelive.com:2122/api/v1/application/createApplication | Request : {} | Error : Bad Request
5/5/2022 9:55 | /responses.js(137) | lhnCgHbItVhWmCnN0KOAalUrE8927bSu | [error] | URL : http://doodlebluelive.com:2122/api/v1/application/createApplication | Request : {} | Error : Bad Request
5/5/2022 9:55 | /responses.js(137) | dRlFheOD1ADTFWgUgzC1vIomzm2LtBfA | [error] | URL : http://doodlebluelive.com:2122/api/v1/application/createApplication | Request : {} | Error : Bad Request
5/5/2022 9:55 | /responses.js(137) | z3rbnWQ2aeJ9UUyMF3UIvpcDvDJs5LaZ | [error] | URL : http://doodlebluelive.com:2122/api/v1/application/createApplication | Request : {} | Error : Bad Request
5/5/2022 9:56 | /responses.js(137) | HR8i6r02ejGDYGcznAUxpNeQ8MypIvmB | [error] | URL : http://doodlebluelive.com:2122/api/v1/application/createApplication | Request : {} | Error : Bad Request
5/5/2022 9:56 | /responses.js(137) | Lx51eL4XzYhkgU6HjXTvdXr7LcMgml3g | [error] | URL : http://doodlebluelive.com:2122/api/v1/application/createApplication | Request : {} | Error : Bad Request
5/5/2022 10:02 | /responses.js(137) | 6YRZ39UIcKsScd1D4DnK5njtav7Srzg4 | [error] | URL : http://doodlebluelive.com:2122/api/v1/user/signIn | Request : {} | Error : Bad Request
5/5/2022 10:02 | /responses.js(137) | ysI4ZhHynfiL79SlhC68tHGvHWz4COKi | [error] | URL : http://doodlebluelive.com:2122/api/v1/user/signIn | Request : {} | Error : Bad Request
5/5/2022 10:02 | /responses.js(137) | HnDbjwoIiRBO6xQBy6lp9sjN4QTwOyNV | [error] | URL : http://doodlebluelive.com:2122/api/v1/user/signIn | Request : {} | Error : Bad Request
5/5/2022 10:04 | /responses.js(137) | uM3gUg61XBGKcBWp3i7aOrkFnsMPmWwQ | [error] | URL : http://doodlebluelive.com:2122/api/v1/user/signIn | Request : {} | Error : Bad Request
5/5/2022 10:04 | /responses.js(137) | mnDgewUwmCRFEWJu6dsfkraAZdCEyHMo | [error] | URL : http://doodlebluelive.com:2122/api/v1/user/signIn | Request : {} | Error : Bad Request
5/5/2022 12:13 | /responses.js(137) | zgevU4oNm6qTa8GvzhY63b5NJufsI9v2 | [error] | URL : http://doodlebluelive.com:2122/api/v1/user/signIn | Request : {} | Error : Bad Request
5/5/2022 12:13 | /responses.js(137) | ZO5Mtu9QaUTSU0loHbHPYKCKRs8MzHpf | [error] | URL : http://doodlebluelive.com:2122/api/v1/user/signIn | Request : {} | Error : Bad Request
